TN:
SF:src\components\AudioTest.js
FN:6,(anonymous_0)
FN:26,(anonymous_1)
FN:53,(anonymous_2)
FN:80,(anonymous_3)
FN:98,(anonymous_4)
FN:102,(anonymous_5)
FNF:6
FNH:0
FNDA:0,(anonymous_0)
FNDA:0,(anonymous_1)
FNDA:0,(anonymous_2)
FNDA:0,(anonymous_3)
FNDA:0,(anonymous_4)
FNDA:0,(anonymous_5)
DA:6,0
DA:7,0
DA:8,0
DA:11,0
DA:26,0
DA:27,0
DA:28,0
DA:29,0
DA:32,0
DA:33,0
DA:34,0
DA:35,0
DA:39,0
DA:47,0
DA:50,0
DA:54,0
DA:55,0
DA:56,0
DA:57,0
DA:59,0
DA:60,0
DA:61,0
DA:62,0
DA:63,0
DA:68,0
DA:69,0
DA:70,0
DA:73,0
DA:74,0
DA:75,0
DA:76,0
DA:80,0
DA:81,0
DA:82,0
DA:83,0
DA:84,0
DA:88,0
DA:99,0
DA:102,0
DA:136,0
LF:40
LH:0
BRDA:32,0,0,0
BRDA:32,0,1,0
BRDA:55,1,0,0
BRDA:55,1,1,0
BRDA:59,2,0,0
BRDA:59,2,1,0
BRDA:81,3,0,0
BRDA:81,3,1,0
BRDA:94,4,0,0
BRDA:94,4,1,0
BRDA:108,5,0,0
BRDA:108,5,1,0
BRDA:110,6,0,0
BRDA:110,6,1,0
BRDA:117,7,0,0
BRDA:117,7,1,0
BRF:16
BRH:0
end_of_record
TN:
SF:src\components\CountryCodePicker.js
FN:9,(anonymous_0)
FN:19,(anonymous_1)
FN:24,(anonymous_2)
FN:30,(anonymous_3)
FN:33,(anonymous_4)
FN:53,(anonymous_5)
FN:68,(anonymous_6)
FN:78,(anonymous_7)
FN:99,(anonymous_8)
FNF:9
FNH:0
FNDA:0,(anonymous_0)
FNDA:0,(anonymous_1)
FNDA:0,(anonymous_2)
FNDA:0,(anonymous_3)
FNDA:0,(anonymous_4)
FNDA:0,(anonymous_5)
FNDA:0,(anonymous_6)
FNDA:0,(anonymous_7)
FNDA:0,(anonymous_8)
DA:9,0
DA:15,0
DA:16,0
DA:19,0
DA:20,0
DA:24,0
DA:25,0
DA:26,0
DA:27,0
DA:30,0
DA:31,0
DA:33,0
DA:49,0
DA:53,0
DA:68,0
DA:78,0
DA:99,0
DA:109,0
LF:18
LH:0
BRDA:10,0,0,0
BRDA:13,1,0,0
BRDA:20,2,0,0
BRDA:20,2,1,0
BRDA:43,3,0,0
BRDA:43,3,1,0
BRDA:52,4,0,0
BRDA:52,4,1,0
BRDA:53,5,0,0
BRDA:53,5,1,0
BRDA:61,6,0,0
BRDA:61,6,1,0
BRF:12
BRH:0
end_of_record
TN:
SF:src\components\CustomButton.js
FN:5,(anonymous_0)
FNF:1
FNH:0
FNDA:0,(anonymous_0)
DA:5,0
DA:14,0
DA:22,0
DA:30,0
DA:44,0
LF:5
LH:0
BRDA:8,0,0,0
BRDA:9,1,0,0
BRDA:12,2,0,0
BRDA:18,3,0,0
BRDA:18,3,1,0
BRDA:26,4,0,0
BRDA:26,4,1,0
BRF:7
BRH:0
end_of_record
TN:
SF:src\components\CustomCard.js
FN:5,(anonymous_0)
FNF:1
FNH:0
FNDA:0,(anonymous_0)
DA:5,0
DA:17,0
DA:19,0
DA:55,0
LF:4
LH:0
BRDA:15,0,0,0
BRDA:17,1,0,0
BRDA:17,1,1,0
BRDA:24,2,0,0
BRDA:24,2,1,0
BRDA:26,3,0,0
BRDA:26,3,1,0
BRDA:31,4,0,0
BRDA:31,4,1,0
BRDA:38,5,0,0
BRDA:38,5,1,0
BRDA:40,6,0,0
BRDA:40,6,1,0
BRF:13
BRH:0
end_of_record
TN:
SF:src\components\ImagePreviewModal.js
FN:13,(anonymous_0)
FN:16,(anonymous_1)
FN:24,(anonymous_2)
FN:52,(anonymous_3)
FN:55,(anonymous_4)
FNF:5
FNH:0
FNDA:0,(anonymous_0)
FNDA:0,(anonymous_1)
FNDA:0,(anonymous_2)
FNDA:0,(anonymous_3)
FNDA:0,(anonymous_4)
DA:13,0
DA:14,0
DA:16,0
DA:17,0
DA:24,0
DA:25,0
DA:34,0
DA:65,0
LF:8
LH:0
BRDA:14,0,0,0
BRDA:14,0,1,0
BRF:2
BRH:0
end_of_record
TN:
SF:src\components\StatsCard.js
FN:6,(anonymous_0)
FN:18,(anonymous_1)
FN:23,(anonymous_2)
FN:28,(anonymous_3)
FNF:4
FNH:0
FNDA:0,(anonymous_0)
FNDA:0,(anonymous_1)
FNDA:0,(anonymous_2)
FNDA:0,(anonymous_3)
DA:6,0
DA:18,0
DA:19,0
DA:20,0
DA:23,0
DA:24,0
DA:25,0
DA:28,0
DA:29,0
DA:72,0
DA:73,0
DA:80,0
DA:83,0
LF:13
LH:0
BRDA:11,0,0,0
BRDA:12,1,0,0
BRDA:19,2,0,0
BRDA:19,2,1,0
BRDA:20,3,0,0
BRDA:20,3,1,0
BRDA:20,4,0,0
BRDA:20,4,1,0
BRDA:24,5,0,0
BRDA:24,5,1,0
BRDA:25,6,0,0
BRDA:25,6,1,0
BRDA:25,7,0,0
BRDA:25,7,1,0
BRDA:33,8,0,0
BRDA:33,8,1,0
BRDA:46,9,0,0
BRDA:46,9,1,0
BRDA:54,10,0,0
BRDA:54,10,1,0
BRDA:61,11,0,0
BRDA:61,11,1,0
BRDA:72,12,0,0
BRDA:72,12,1,0
BRF:24
BRH:0
end_of_record
TN:
SF:src\components\Charts\BarChart.js
FN:7,(anonymous_0)
FN:12,(anonymous_1)
FN:17,(anonymous_2)
FN:48,(anonymous_3)
FN:49,(anonymous_4)
FN:64,(anonymous_5)
FN:122,(anonymous_6)
FN:140,(anonymous_7)
FN:193,(anonymous_8)
FN:246,(anonymous_9)
FN:258,(anonymous_10)
FNF:11
FNH:0
FNDA:0,(anonymous_0)
FNDA:0,(anonymous_1)
FNDA:0,(anonymous_2)
FNDA:0,(anonymous_3)
FNDA:0,(anonymous_4)
FNDA:0,(anonymous_5)
FNDA:0,(anonymous_6)
FNDA:0,(anonymous_7)
FNDA:0,(anonymous_8)
FNDA:0,(anonymous_9)
FNDA:0,(anonymous_10)
DA:7,0
DA:8,0
DA:12,0
DA:13,0
DA:14,0
DA:17,0
DA:33,0
DA:34,0
DA:35,0
DA:38,0
DA:39,0
DA:47,0
DA:48,0
DA:49,0
DA:55,0
DA:56,0
DA:64,0
DA:65,0
DA:66,0
DA:69,0
DA:70,0
DA:78,0
DA:79,0
DA:80,0
DA:81,0
DA:84,0
DA:85,0
DA:88,0
DA:89,0
DA:97,0
DA:98,0
DA:99,0
DA:100,0
DA:101,0
DA:102,0
DA:117,0
DA:123,0
DA:124,0
DA:125,0
DA:141,0
DA:142,0
DA:143,0
DA:146,0
DA:147,0
DA:148,0
DA:150,0
DA:151,0
DA:153,0
DA:193,0
DA:197,0
DA:247,0
DA:258,0
LF:52
LH:0
BRDA:8,0,0,0
BRDA:8,0,1,0
BRDA:8,0,2,0
BRDA:12,1,0,0
BRDA:14,2,0,0
BRDA:14,2,1,0
BRDA:18,3,0,0
BRDA:20,4,0,0
BRDA:21,5,0,0
BRDA:22,6,0,0
BRDA:23,7,0,0
BRDA:24,8,0,0
BRDA:25,9,0,0
BRDA:26,10,0,0
BRDA:27,11,0,0
BRDA:29,12,0,0
BRDA:30,13,0,0
BRDA:31,14,0,0
BRDA:33,15,0,0
BRDA:33,15,1,0
BRDA:38,16,0,0
BRDA:38,16,1,0
BRDA:38,17,0,0
BRDA:38,17,1,0
BRDA:48,18,0,0
BRDA:48,18,1,0
BRDA:52,19,0,0
BRDA:52,19,1,0
BRDA:55,20,0,0
BRDA:55,20,1,0
BRDA:69,21,0,0
BRDA:69,21,1,0
BRDA:69,22,0,0
BRDA:69,22,1,0
BRDA:79,23,0,0
BRDA:79,23,1,0
BRDA:88,24,0,0
BRDA:88,24,1,0
BRDA:88,25,0,0
BRDA:88,25,1,0
BRDA:88,25,2,0
BRDA:99,26,0,0
BRDA:99,26,1,0
BRDA:146,27,0,0
BRDA:146,27,1,0
BRDA:146,28,0,0
BRDA:146,28,1,0
BRDA:146,28,2,0
BRDA:150,29,0,0
BRDA:150,29,1,0
BRDA:151,30,0,0
BRDA:151,30,1,0
BRDA:160,31,0,0
BRDA:160,31,1,0
BRDA:167,32,0,0
BRDA:167,32,1,0
BRDA:176,33,0,0
BRDA:176,33,1,0
BRDA:199,34,0,0
BRDA:199,34,1,0
BRDA:205,35,0,0
BRDA:205,35,1,0
BRDA:205,36,0,0
BRDA:205,36,1,0
BRDA:218,37,0,0
BRDA:218,37,1,0
BRDA:232,38,0,0
BRDA:232,38,1,0
BRDA:244,39,0,0
BRDA:244,39,1,0
BRDA:264,40,0,0
BRDA:264,40,1,0
BRF:72
BRH:0
end_of_record
TN:
SF:src\components\Charts\LineChart.js
FN:8,(anonymous_0)
FN:13,(anonymous_1)
FN:18,(anonymous_2)
FN:33,(anonymous_3)
FN:64,(anonymous_4)
FN:65,(anonymous_5)
FN:68,(anonymous_6)
FN:69,(anonymous_7)
FN:75,(anonymous_8)
FN:87,(anonymous_9)
FN:87,(anonymous_10)
FN:88,(anonymous_11)
FN:112,(anonymous_12)
FN:113,(anonymous_13)
FN:124,(anonymous_14)
FN:132,(anonymous_15)
FN:145,(anonymous_16)
FN:190,(anonymous_17)
FN:208,(anonymous_18)
FN:233,(anonymous_19)
FN:244,(anonymous_20)
FN:289,(anonymous_21)
FNF:22
FNH:0
FNDA:0,(anonymous_0)
FNDA:0,(anonymous_1)
FNDA:0,(anonymous_2)
FNDA:0,(anonymous_3)
FNDA:0,(anonymous_4)
FNDA:0,(anonymous_5)
FNDA:0,(anonymous_6)
FNDA:0,(anonymous_7)
FNDA:0,(anonymous_8)
FNDA:0,(anonymous_9)
FNDA:0,(anonymous_10)
FNDA:0,(anonymous_11)
FNDA:0,(anonymous_12)
FNDA:0,(anonymous_13)
FNDA:0,(anonymous_14)
FNDA:0,(anonymous_15)
FNDA:0,(anonymous_16)
FNDA:0,(anonymous_17)
FNDA:0,(anonymous_18)
FNDA:0,(anonymous_19)
FNDA:0,(anonymous_20)
FNDA:0,(anonymous_21)
DA:8,0
DA:9,0
DA:13,0
DA:14,0
DA:15,0
DA:18,0
DA:30,0
DA:33,0
DA:34,0
DA:36,0
DA:42,0
DA:43,0
DA:45,0
DA:46,0
DA:53,0
DA:54,0
DA:55,0
DA:56,0
DA:59,0
DA:60,0
DA:63,0
DA:64,0
DA:65,0
DA:68,0
DA:69,0
DA:75,0
DA:77,0
DA:79,0
DA:87,0
DA:88,0
DA:90,0
DA:91,0
DA:98,0
DA:99,0
DA:100,0
DA:103,0
DA:104,0
DA:112,0
DA:113,0
DA:114,0
DA:115,0
DA:118,0
DA:119,0
DA:120,0
DA:123,0
DA:124,0
DA:127,0
DA:128,0
DA:132,0
DA:133,0
DA:134,0
DA:136,0
DA:139,0
DA:145,0
DA:148,0
DA:149,0
DA:157,0
DA:160,0
DA:161,0
DA:162,0
DA:163,0
DA:164,0
DA:178,0
DA:191,0
DA:192,0
DA:193,0
DA:209,0
DA:210,0
DA:211,0
DA:214,0
DA:215,0
DA:229,0
DA:234,0
DA:245,0
DA:290,0
LF:75
LH:0
BRDA:9,0,0,0
BRDA:9,0,1,0
BRDA:9,0,2,0
BRDA:13,1,0,0
BRDA:15,2,0,0
BRDA:15,2,1,0
BRDA:19,3,0,0
BRDA:21,4,0,0
BRDA:22,5,0,0
BRDA:23,6,0,0
BRDA:24,7,0,0
BRDA:25,8,0,0
BRDA:26,9,0,0
BRDA:27,10,0,0
BRDA:28,11,0,0
BRDA:34,12,0,0
BRDA:34,12,1,0
BRDA:36,13,0,0
BRDA:36,13,1,0
BRDA:37,14,0,0
BRDA:37,14,1,0
BRDA:38,15,0,0
BRDA:38,15,1,0
BRDA:39,16,0,0
BRDA:39,16,1,0
BRDA:46,17,0,0
BRDA:46,17,1,0
BRDA:47,18,0,0
BRDA:47,18,1,0
BRDA:48,19,0,0
BRDA:48,19,1,0
BRDA:49,20,0,0
BRDA:49,20,1,0
BRDA:53,21,0,0
BRDA:53,21,1,0
BRDA:59,22,0,0
BRDA:59,22,1,0
BRDA:60,23,0,0
BRDA:60,23,1,0
BRDA:64,24,0,0
BRDA:64,24,1,0
BRDA:64,24,2,0
BRDA:68,25,0,0
BRDA:68,25,1,0
BRDA:72,26,0,0
BRDA:72,26,1,0
BRDA:77,27,0,0
BRDA:77,27,1,0
BRDA:77,28,0,0
BRDA:77,28,1,0
BRDA:77,28,2,0
BRDA:77,28,3,0
BRDA:77,28,4,0
BRDA:90,29,0,0
BRDA:90,29,1,0
BRDA:100,30,0,0
BRDA:100,30,1,0
BRDA:103,31,0,0
BRDA:103,31,1,0
BRDA:103,32,0,0
BRDA:103,32,1,0
BRDA:103,32,2,0
BRDA:118,33,0,0
BRDA:118,33,1,0
BRDA:118,34,0,0
BRDA:118,34,1,0
BRDA:127,35,0,0
BRDA:127,35,1,0
BRDA:133,36,0,0
BRDA:133,36,1,0
BRDA:143,37,0,0
BRDA:143,37,1,0
BRDA:143,38,0,0
BRDA:143,38,1,0
BRDA:148,39,0,0
BRDA:148,39,1,0
BRDA:161,40,0,0
BRDA:161,40,1,0
BRDA:180,41,0,0
BRDA:180,41,1,0
BRDA:209,42,0,0
BRDA:209,42,1,0
BRDA:211,43,0,0
BRDA:211,43,1,0
BRDA:214,44,0,0
BRDA:214,44,1,0
BRDA:214,45,0,0
BRDA:214,45,1,0
BRDA:244,46,0,0
BRDA:244,46,1,0
BRDA:260,47,0,0
BRDA:260,47,1,0
BRDA:274,48,0,0
BRDA:274,48,1,0
BRDA:286,49,0,0
BRDA:286,49,1,0
BRF:96
BRH:0
end_of_record
TN:
SF:src\components\Charts\PieChart.js
FN:8,(anonymous_0)
FN:13,(anonymous_1)
FN:18,(anonymous_2)
FN:45,(anonymous_3)
FN:46,(anonymous_4)
FN:50,(anonymous_5)
FN:61,(anonymous_6)
FN:74,(anonymous_7)
FN:95,(anonymous_8)
FN:123,(anonymous_9)
FN:144,(anonymous_10)
FN:155,(anonymous_11)
FN:173,(anonymous_12)
FN:183,(anonymous_13)
FNF:14
FNH:0
FNDA:0,(anonymous_0)
FNDA:0,(anonymous_1)
FNDA:0,(anonymous_2)
FNDA:0,(anonymous_3)
FNDA:0,(anonymous_4)
FNDA:0,(anonymous_5)
FNDA:0,(anonymous_6)
FNDA:0,(anonymous_7)
FNDA:0,(anonymous_8)
FNDA:0,(anonymous_9)
FNDA:0,(anonymous_10)
FNDA:0,(anonymous_11)
FNDA:0,(anonymous_12)
FNDA:0,(anonymous_13)
DA:8,0
DA:9,0
DA:13,0
DA:14,0
DA:15,0
DA:18,0
DA:28,0
DA:29,0
DA:30,0
DA:31,0
DA:32,0
DA:35,0
DA:36,0
DA:44,0
DA:45,0
DA:46,0
DA:50,0
DA:52,0
DA:53,0
DA:61,0
DA:64,0
DA:65,0
DA:73,0
DA:74,0
DA:75,0
DA:76,0
DA:77,0
DA:78,0
DA:81,0
DA:82,0
DA:83,0
DA:87,0
DA:88,0
DA:89,0
DA:90,0
DA:91,0
DA:94,0
DA:95,0
DA:96,0
DA:97,0
DA:100,0
DA:108,0
DA:109,0
DA:110,0
DA:111,0
DA:113,0
DA:115,0
DA:123,0
DA:126,0
DA:127,0
DA:134,0
DA:145,0
DA:156,0
DA:174,0
DA:175,0
DA:183,0
LF:56
LH:0
BRDA:9,0,0,0
BRDA:9,0,1,0
BRDA:9,0,2,0
BRDA:13,1,0,0
BRDA:15,2,0,0
BRDA:15,2,1,0
BRDA:19,3,0,0
BRDA:21,4,0,0
BRDA:22,5,0,0
BRDA:23,6,0,0
BRDA:24,7,0,0
BRDA:25,8,0,0
BRDA:26,9,0,0
BRDA:29,10,0,0
BRDA:29,10,1,0
BRDA:35,11,0,0
BRDA:35,11,1,0
BRDA:35,12,0,0
BRDA:35,12,1,0
BRDA:45,13,0,0
BRDA:45,13,1,0
BRDA:52,14,0,0
BRDA:52,14,1,0
BRDA:64,15,0,0
BRDA:64,15,1,0
BRDA:81,16,0,0
BRDA:81,16,1,0
BRDA:81,17,0,0
BRDA:81,17,1,0
BRDA:81,17,2,0
BRDA:87,18,0,0
BRDA:87,18,1,0
BRDA:95,19,0,0
BRDA:95,19,1,0
BRDA:120,20,0,0
BRDA:120,20,1,0
BRDA:121,21,0,0
BRDA:121,21,1,0
BRDA:126,22,0,0
BRDA:126,22,1,0
BRDA:136,23,0,0
BRDA:136,23,1,0
BRDA:155,24,0,0
BRDA:155,24,1,0
BRDA:171,25,0,0
BRDA:171,25,1,0
BRDA:174,26,0,0
BRDA:174,26,1,0
BRDA:183,27,0,0
BRDA:183,27,1,0
BRF:50
BRH:0
end_of_record
TN:
SF:src\components\Charts\index.js
FN:10,(anonymous_0)
FN:15,(anonymous_1)
FN:19,(anonymous_2)
FN:23,(anonymous_3)
FN:47,(anonymous_4)
FN:48,(anonymous_5)
FNF:6
FNH:0
FNDA:0,(anonymous_0)
FNDA:0,(anonymous_1)
FNDA:0,(anonymous_2)
FNDA:0,(anonymous_3)
FNDA:0,(anonymous_4)
FNDA:0,(anonymous_5)
DA:11,0
DA:12,0
DA:16,0
DA:20,0
DA:24,0
DA:25,0
DA:42,0
DA:47,0
DA:48,0
DA:49,0
DA:56,0
DA:57,0
DA:58,0
LF:13
LH:0
BRDA:24,0,0,0
BRDA:24,0,1,0
BRF:2
BRH:0
end_of_record
TN:
SF:src\components\IntelligentAlerts\AlertDetailModal.js
FN:26,(anonymous_0)
FN:36,(anonymous_1)
FN:59,(anonymous_2)
FN:68,(anonymous_3)
FN:79,(anonymous_4)
FNF:5
FNH:0
FNDA:0,(anonymous_0)
FNDA:0,(anonymous_1)
FNDA:0,(anonymous_2)
FNDA:0,(anonymous_3)
FNDA:0,(anonymous_4)
DA:26,0
DA:32,0
DA:33,0
DA:34,0
DA:36,0
DA:37,0
DA:38,0
DA:39,0
DA:42,0
DA:43,0
DA:44,0
DA:49,0
DA:50,0
DA:51,0
DA:53,0
DA:55,0
DA:59,0
DA:60,0
DA:62,0
DA:64,0
DA:69,0
DA:79,0
DA:80,0
DA:82,0
DA:84,0
DA:124,0
DA:126,0
DA:283,0
LF:28
LH:0
BRDA:37,0,0,0
BRDA:37,0,1,0
BRDA:60,1,0,0
BRDA:60,1,1,0
BRDA:60,2,0,0
BRDA:60,2,1,0
BRDA:80,3,0,0
BRDA:80,3,1,0
BRDA:88,4,0,0
BRDA:88,4,1,0
BRDA:96,5,0,0
BRDA:96,5,1,0
BRDA:102,6,0,0
BRDA:102,6,1,0
BRDA:107,7,0,0
BRDA:107,7,1,0
BRDA:109,8,0,0
BRDA:109,8,1,0
BRDA:113,9,0,0
BRDA:113,9,1,0
BRDA:124,10,0,0
BRDA:124,10,1,0
BRDA:184,11,0,0
BRDA:184,11,1,0
BRDA:189,12,0,0
BRDA:189,12,1,0
BRDA:192,13,0,0
BRDA:192,13,1,0
BRDA:206,14,0,0
BRDA:206,14,1,0
BRDA:233,15,0,0
BRDA:233,15,1,0
BRDA:238,16,0,0
BRDA:238,16,1,0
BRDA:246,17,0,0
BRDA:246,17,1,0
BRDA:252,18,0,0
BRDA:252,18,1,0
BRDA:265,19,0,0
BRDA:265,19,1,0
BRF:40
BRH:0
end_of_record
TN:
SF:src\components\IntelligentAlerts\IntelligentAlertsCard.js
FN:28,(anonymous_0)
FN:40,(anonymous_1)
FN:44,(anonymous_2)
FN:58,(anonymous_3)
FN:64,(anonymous_4)
FN:73,(anonymous_5)
FN:93,(anonymous_6)
FN:101,(anonymous_7)
FN:104,(anonymous_8)
FN:157,(anonymous_9)
FN:236,(anonymous_10)
FN:259,(anonymous_11)
FNF:12
FNH:0
FNDA:0,(anonymous_0)
FNDA:0,(anonymous_1)
FNDA:0,(anonymous_2)
FNDA:0,(anonymous_3)
FNDA:0,(anonymous_4)
FNDA:0,(anonymous_5)
FNDA:0,(anonymous_6)
FNDA:0,(anonymous_7)
FNDA:0,(anonymous_8)
FNDA:0,(anonymous_9)
FNDA:0,(anonymous_10)
FNDA:0,(anonymous_11)
DA:28,0
DA:35,0
DA:36,0
DA:37,0
DA:38,0
DA:40,0
DA:41,0
DA:44,0
DA:45,0
DA:46,0
DA:47,0
DA:48,0
DA:49,0
DA:51,0
DA:52,0
DA:54,0
DA:58,0
DA:59,0
DA:60,0
DA:61,0
DA:64,0
DA:65,0
DA:66,0
DA:74,0
DA:75,0
DA:76,0
DA:77,0
DA:78,0
DA:80,0
DA:82,0
DA:89,0
DA:93,0
DA:94,0
DA:95,0
DA:96,0
DA:97,0
DA:101,0
DA:102,0
DA:104,0
DA:157,0
DA:158,0
DA:160,0
DA:162,0
DA:190,0
DA:191,0
DA:201,0
DA:202,0
DA:204,0
DA:236,0
DA:259,0
DA:270,0
LF:51
LH:0
BRDA:30,0,0,0
BRDA:31,1,0,0
BRDA:32,2,0,0
BRDA:33,3,0,0
BRDA:47,4,0,0
BRDA:47,4,1,0
BRDA:94,5,0,0
BRDA:94,5,1,0
BRDA:96,6,0,0
BRDA:96,6,1,0
BRDA:142,7,0,0
BRDA:142,7,1,0
BRDA:146,8,0,0
BRDA:146,8,1,0
BRDA:150,9,0,0
BRDA:150,9,1,0
BRDA:158,10,0,0
BRDA:158,10,1,0
BRDA:190,11,0,0
BRDA:190,11,1,0
BRDA:190,12,0,0
BRDA:190,12,1,0
BRDA:201,13,0,0
BRDA:201,13,1,0
BRDA:202,14,0,0
BRDA:202,14,1,0
BRDA:206,15,0,0
BRDA:206,15,1,0
BRDA:211,16,0,0
BRDA:211,16,1,0
BRDA:232,17,0,0
BRDA:232,17,1,0
BRDA:251,18,0,0
BRDA:251,18,1,0
BRDA:256,19,0,0
BRDA:256,19,1,0
BRDA:256,19,2,0
BRF:37
BRH:0
end_of_record
TN:
SF:src\components\IntelligentAlerts\IntelligentAnalysisModal.js
FN:26,(anonymous_0)
FN:35,(anonymous_1)
FN:41,(anonymous_2)
FN:133,(anonymous_3)
FN:155,(anonymous_4)
FN:189,(anonymous_5)
FN:238,(anonymous_6)
FN:254,getRiskColor
FN:263,getRiskText
FN:272,getAdherenceColor
FN:278,getTrendColor
FN:286,getRecommendationIcon
FN:295,getRecommendationColor
FNF:13
FNH:0
FNDA:0,(anonymous_0)
FNDA:0,(anonymous_1)
FNDA:0,(anonymous_2)
FNDA:0,(anonymous_3)
FNDA:0,(anonymous_4)
FNDA:0,(anonymous_5)
FNDA:0,(anonymous_6)
FNDA:0,getRiskColor
FNDA:0,getRiskText
FNDA:0,getAdherenceColor
FNDA:0,getTrendColor
FNDA:0,getRecommendationIcon
FNDA:0,getRecommendationColor
DA:26,0
DA:32,0
DA:33,0
DA:35,0
DA:36,0
DA:37,0
DA:41,0
DA:42,0
DA:43,0
DA:44,0
DA:45,0
DA:47,0
DA:48,0
DA:50,0
DA:54,0
DA:56,0
DA:134,0
DA:156,0
DA:190,0
DA:240,0
DA:255,0
DA:256,0
DA:257,0
DA:258,0
DA:259,0
DA:264,0
DA:265,0
DA:266,0
DA:267,0
DA:268,0
DA:273,0
DA:274,0
DA:275,0
DA:279,0
DA:280,0
DA:281,0
DA:282,0
DA:287,0
DA:288,0
DA:289,0
DA:290,0
DA:291,0
DA:296,0
DA:297,0
DA:298,0
DA:299,0
DA:304,0
LF:47
LH:0
BRDA:36,0,0,0
BRDA:36,0,1,0
BRDA:36,1,0,0
BRDA:36,1,1,0
BRDA:54,2,0,0
BRDA:54,2,1,0
BRDA:77,3,0,0
BRDA:77,3,1,0
BRDA:82,4,0,0
BRDA:82,4,1,0
BRDA:118,5,0,0
BRDA:118,5,1,0
BRDA:120,6,0,0
BRDA:120,6,1,0
BRDA:126,7,0,0
BRDA:126,7,1,0
BRDA:171,8,0,0
BRDA:171,8,1,0
BRDA:172,9,0,0
BRDA:172,9,1,0
BRDA:201,10,0,0
BRDA:201,10,1,0
BRDA:202,11,0,0
BRDA:202,11,1,0
BRDA:208,12,0,0
BRDA:208,12,1,0
BRDA:235,13,0,0
BRDA:235,13,1,0
BRDA:255,14,0,0
BRDA:255,14,1,0
BRDA:255,14,2,0
BRDA:255,14,3,0
BRDA:264,15,0,0
BRDA:264,15,1,0
BRDA:264,15,2,0
BRDA:264,15,3,0
BRDA:273,16,0,0
BRDA:273,16,1,0
BRDA:274,17,0,0
BRDA:274,17,1,0
BRDA:279,18,0,0
BRDA:279,18,1,0
BRDA:279,18,2,0
BRDA:287,19,0,0
BRDA:287,19,1,0
BRDA:287,19,2,0
BRDA:287,19,3,0
BRDA:296,20,0,0
BRDA:296,20,1,0
BRDA:296,20,2,0
BRF:50
BRH:0
end_of_record
TN:
SF:src\config\i18n.js
FN:49,(anonymous_0)
FN:106,(anonymous_1)
FN:111,(anonymous_2)
FN:150,(anonymous_3)
FN:173,(anonymous_4)
FN:179,(anonymous_5)
FN:193,(anonymous_6)
FN:202,(anonymous_7)
FN:207,(anonymous_8)
FN:232,(anonymous_9)
FN:239,(anonymous_10)
FN:245,(anonymous_11)
FN:271,(anonymous_12)
FN:294,(anonymous_13)
FN:304,(anonymous_14)
FNF:15
FNH:0
FNDA:0,(anonymous_0)
FNDA:0,(anonymous_1)
FNDA:0,(anonymous_2)
FNDA:0,(anonymous_3)
FNDA:0,(anonymous_4)
FNDA:0,(anonymous_5)
FNDA:0,(anonymous_6)
FNDA:0,(anonymous_7)
FNDA:0,(anonymous_8)
FNDA:0,(anonymous_9)
FNDA:0,(anonymous_10)
FNDA:0,(anonymous_11)
FNDA:0,(anonymous_12)
FNDA:0,(anonymous_13)
FNDA:0,(anonymous_14)
DA:9,0
DA:11,0
DA:12,0
DA:13,0
DA:15,0
DA:19,0
DA:20,0
DA:21,0
DA:22,0
DA:23,0
DA:24,0
DA:27,0
DA:50,0
DA:53,0
DA:54,0
DA:55,0
DA:58,0
DA:59,0
DA:60,0
DA:62,0
DA:63,0
DA:67,0
DA:68,0
DA:69,0
DA:73,0
DA:74,0
DA:76,0
DA:77,0
DA:78,0
DA:80,0
DA:84,0
DA:85,0
DA:86,0
DA:90,0
DA:91,0
DA:92,0
DA:94,0
DA:107,0
DA:112,0
DA:113,0
DA:114,0
DA:117,0
DA:118,0
DA:119,0
DA:120,0
DA:121,0
DA:122,0
DA:123,0
DA:126,0
DA:127,0
DA:128,0
DA:129,0
DA:132,0
DA:133,0
DA:150,0
DA:151,0
DA:152,0
DA:153,0
DA:155,0
DA:156,0
DA:157,0
DA:159,0
DA:160,0
DA:164,0
DA:165,0
DA:167,0
DA:174,0
DA:179,0
DA:180,0
DA:181,0
DA:182,0
DA:183,0
DA:186,0
DA:193,0
DA:194,0
DA:195,0
DA:198,0
DA:202,0
DA:203,0
DA:207,0
DA:208,0
DA:209,0
DA:212,0
DA:213,0
DA:217,0
DA:218,0
DA:219,0
DA:222,0
DA:223,0
DA:224,0
DA:226,0
DA:227,0
DA:232,0
DA:233,0
DA:234,0
DA:235,0
DA:239,0
DA:245,0
DA:246,0
DA:247,0
DA:249,0
DA:250,0
DA:251,0
DA:255,0
DA:256,0
DA:258,0
DA:259,0
DA:260,0
DA:262,0
DA:263,0
DA:267,0
DA:271,0
DA:272,0
DA:273,0
DA:275,0
DA:276,0
DA:279,0
DA:280,0
DA:282,0
DA:283,0
DA:284,0
DA:286,0
DA:290,0
DA:294,0
DA:295,0
DA:296,0
DA:298,0
DA:299,0
DA:300,0
DA:303,0
DA:304,0
DA:305,0
DA:306,0
DA:307,0
DA:308,0
DA:309,0
DA:311,0
DA:317,0
DA:318,0
LF:139
LH:0
BRDA:22,0,0,0
BRDA:22,0,1,0
BRDA:23,1,0,0
BRDA:23,1,1,0
BRDA:24,2,0,0
BRDA:24,2,1,0
BRDA:53,3,0,0
BRDA:53,3,1,0
BRDA:59,4,0,0
BRDA:59,4,1,0
BRDA:59,5,0,0
BRDA:59,5,1,0
BRDA:59,5,2,0
BRDA:67,6,0,0
BRDA:67,6,1,0
BRDA:67,7,0,0
BRDA:67,7,1,0
BRDA:73,8,0,0
BRDA:73,8,1,0
BRDA:77,9,0,0
BRDA:77,9,1,0
BRDA:77,10,0,0
BRDA:77,10,1,0
BRDA:77,10,2,0
BRDA:84,11,0,0
BRDA:84,11,1,0
BRDA:84,12,0,0
BRDA:84,12,1,0
BRDA:91,13,0,0
BRDA:91,13,1,0
BRDA:156,14,0,0
BRDA:156,14,1,0
BRDA:156,15,0,0
BRDA:156,15,1,0
BRDA:156,15,2,0
BRDA:164,16,0,0
BRDA:164,16,1,0
BRDA:164,17,0,0
BRDA:164,17,1,0
BRDA:212,18,0,0
BRDA:212,18,1,0
BRDA:218,19,0,0
BRDA:218,19,1,0
BRDA:218,20,0,0
BRDA:218,20,1,0
BRDA:245,21,0,0
BRDA:246,22,0,0
BRDA:246,22,1,0
BRDA:249,23,0,0
BRDA:249,23,1,0
BRDA:249,24,0,0
BRDA:249,24,1,0
BRDA:259,25,0,0
BRDA:259,25,1,0
BRDA:259,26,0,0
BRDA:259,26,1,0
BRDA:259,26,2,0
BRDA:271,27,0,0
BRDA:272,28,0,0
BRDA:272,28,1,0
BRDA:275,29,0,0
BRDA:275,29,1,0
BRDA:275,30,0,0
BRDA:275,30,1,0
BRDA:283,31,0,0
BRDA:283,31,1,0
BRDA:283,32,0,0
BRDA:283,32,1,0
BRDA:283,32,2,0
BRDA:294,33,0,0
BRDA:295,34,0,0
BRDA:295,34,1,0
BRDA:298,35,0,0
BRDA:298,35,1,0
BRDA:298,36,0,0
BRDA:298,36,1,0
BRDA:304,37,0,0
BRDA:306,38,0,0
BRDA:306,38,1,0
BRDA:307,39,0,0
BRDA:307,39,1,0
BRDA:308,40,0,0
BRDA:308,40,1,0
BRDA:308,41,0,0
BRDA:308,41,1,0
BRF:85
BRH:0
end_of_record
TN:
SF:src\navigation\AppNavigator.js
FN:14,(anonymous_0)
FN:16,(anonymous_1)
FN:18,(anonymous_2)
FNF:3
FNH:0
FNDA:0,(anonymous_0)
FNDA:0,(anonymous_1)
FNDA:0,(anonymous_2)
DA:12,0
DA:14,0
DA:15,0
DA:16,0
DA:18,0
DA:20,0
DA:24,0
DA:25,0
DA:28,0
LF:9
LH:0
BRDA:24,0,0,0
BRDA:24,0,1,0
BRDA:31,1,0,0
BRDA:31,1,1,0
BRDA:37,2,0,0
BRDA:37,2,1,0
BRDA:39,3,0,0
BRDA:39,3,1,0
BRF:8
BRH:0
end_of_record
TN:
SF:src\navigation\AuthNavigator.js
FN:11,(anonymous_0)
FNF:1
FNH:0
FNDA:0,(anonymous_0)
DA:9,0
DA:11,0
DA:12,0
LF:3
LH:0
BRF:0
BRH:0
end_of_record
TN:
SF:src\navigation\DoctorNavigator.js
FN:39,(anonymous_0)
FN:59,(anonymous_1)
FN:105,(anonymous_2)
FN:125,(anonymous_3)
FN:150,(anonymous_4)
FN:218,(anonymous_5)
FN:223,(anonymous_6)
FN:224,(anonymous_7)
FNF:8
FNH:0
FNDA:0,(anonymous_0)
FNDA:0,(anonymous_1)
FNDA:0,(anonymous_2)
FNDA:0,(anonymous_3)
FNDA:0,(anonymous_4)
FNDA:0,(anonymous_5)
FNDA:0,(anonymous_6)
FNDA:0,(anonymous_7)
DA:35,0
DA:36,0
DA:39,0
DA:40,0
DA:42,0
DA:59,0
DA:60,0
DA:62,0
DA:105,0
DA:106,0
DA:108,0
DA:125,0
DA:126,0
DA:128,0
DA:150,0
DA:151,0
DA:153,0
DA:218,0
DA:219,0
DA:221,0
DA:223,0
DA:227,0
DA:229,0
DA:230,0
DA:232,0
DA:233,0
DA:235,0
DA:236,0
DA:238,0
DA:239,0
DA:241,0
DA:242,0
DA:244,0
DA:247,0
LF:34
LH:0
BRDA:227,0,0,0
BRDA:227,0,1,0
BRDA:227,0,2,0
BRDA:227,0,3,0
BRDA:227,0,4,0
BRDA:227,0,5,0
BRDA:229,1,0,0
BRDA:229,1,1,0
BRDA:232,2,0,0
BRDA:232,2,1,0
BRDA:235,3,0,0
BRDA:235,3,1,0
BRDA:238,4,0,0
BRDA:238,4,1,0
BRDA:241,5,0,0
BRDA:241,5,1,0
BRF:16
BRH:0
end_of_record
TN:
SF:src\navigation\PatientNavigator.js
FN:34,(anonymous_0)
FN:59,(anonymous_1)
FN:84,(anonymous_2)
FN:156,(anonymous_3)
FN:161,(anonymous_4)
FN:162,(anonymous_5)
FNF:6
FNH:0
FNDA:0,(anonymous_0)
FNDA:0,(anonymous_1)
FNDA:0,(anonymous_2)
FNDA:0,(anonymous_3)
FNDA:0,(anonymous_4)
FNDA:0,(anonymous_5)
DA:30,0
DA:31,0
DA:34,0
DA:35,0
DA:37,0
DA:59,0
DA:60,0
DA:62,0
DA:84,0
DA:85,0
DA:87,0
DA:156,0
DA:157,0
DA:159,0
DA:161,0
DA:165,0
DA:167,0
DA:168,0
DA:170,0
DA:171,0
DA:173,0
DA:174,0
DA:176,0
DA:177,0
DA:179,0
DA:180,0
DA:182,0
DA:185,0
LF:28
LH:0
BRDA:165,0,0,0
BRDA:165,0,1,0
BRDA:165,0,2,0
BRDA:165,0,3,0
BRDA:165,0,4,0
BRDA:165,0,5,0
BRDA:167,1,0,0
BRDA:167,1,1,0
BRDA:170,2,0,0
BRDA:170,2,1,0
BRDA:173,3,0,0
BRDA:173,3,1,0
BRDA:176,4,0,0
BRDA:176,4,1,0
BRDA:179,5,0,0
BRDA:179,5,1,0
BRF:16
BRH:0
end_of_record
TN:
SF:src\screens\LoadingScreen.js
FN:5,(anonymous_0)
FNF:1
FNH:0
FNDA:0,(anonymous_0)
DA:5,0
DA:6,0
DA:16,0
LF:3
LH:0
BRF:0
BRH:0
end_of_record
TN:
SF:src\screens\auth\ForgotPasswordScreen.js
FN:10,(anonymous_0)
FN:29,(anonymous_1)
FN:38,(anonymous_2)
FN:45,(anonymous_3)
FN:85,(anonymous_4)
FN:87,(anonymous_5)
FN:88,(anonymous_6)
FN:99,(anonymous_7)
FN:110,(anonymous_8)
FN:149,(anonymous_9)
FN:165,(anonymous_10)
FN:175,(anonymous_11)
FN:221,(anonymous_12)
FN:271,(anonymous_13)
FN:336,(anonymous_14)
FNF:15
FNH:0
FNDA:0,(anonymous_0)
FNDA:0,(anonymous_1)
FNDA:0,(anonymous_2)
FNDA:0,(anonymous_3)
FNDA:0,(anonymous_4)
FNDA:0,(anonymous_5)
FNDA:0,(anonymous_6)
FNDA:0,(anonymous_7)
FNDA:0,(anonymous_8)
FNDA:0,(anonymous_9)
FNDA:0,(anonymous_10)
FNDA:0,(anonymous_11)
FNDA:0,(anonymous_12)
FNDA:0,(anonymous_13)
FNDA:0,(anonymous_14)
DA:10,0
DA:11,0
DA:12,0
DA:15,0
DA:16,0
DA:17,0
DA:18,0
DA:19,0
DA:20,0
DA:21,0
DA:22,0
DA:23,0
DA:26,0
DA:29,0
DA:30,0
DA:31,0
DA:32,0
DA:33,0
DA:34,0
DA:38,0
DA:39,0
DA:40,0
DA:41,0
DA:45,0
DA:46,0
DA:47,0
DA:48,0
DA:49,0
DA:52,0
DA:53,0
DA:55,0
DA:56,0
DA:57,0
DA:67,0
DA:69,0
DA:70,0
DA:71,0
DA:72,0
DA:73,0
DA:75,0
DA:78,0
DA:80,0
DA:85,0
DA:86,0
DA:87,0
DA:88,0
DA:89,0
DA:90,0
DA:91,0
DA:93,0
DA:99,0
DA:100,0
DA:101,0
DA:102,0
DA:105,0
DA:106,0
DA:110,0
DA:111,0
DA:112,0
DA:113,0
DA:114,0
DA:117,0
DA:118,0
DA:119,0
DA:122,0
DA:123,0
DA:125,0
DA:126,0
DA:127,0
DA:140,0
DA:142,0
DA:143,0
DA:149,0
DA:154,0
DA:155,0
DA:158,0
DA:160,0
DA:165,0
DA:166,0
DA:167,0
DA:168,0
DA:170,0
DA:175,0
DA:176,0
DA:221,0
DA:222,0
DA:271,0
DA:272,0
DA:325,0
DA:337,0
DA:387,0
LF:91
LH:0
BRDA:31,0,0,0
BRDA:31,0,1,0
BRDA:32,1,0,0
BRDA:32,1,1,0
BRDA:32,2,0,0
BRDA:32,2,1,0
BRDA:33,3,0,0
BRDA:33,3,1,0
BRDA:39,4,0,0
BRDA:39,4,1,0
BRDA:40,5,0,0
BRDA:40,5,1,0
BRDA:47,6,0,0
BRDA:47,6,1,0
BRDA:69,7,0,0
BRDA:69,7,1,0
BRDA:75,8,0,0
BRDA:75,8,1,0
BRDA:75,8,2,0
BRDA:89,9,0,0
BRDA:89,9,1,0
BRDA:100,10,0,0
BRDA:100,10,1,0
BRDA:100,11,0,0
BRDA:100,11,1,0
BRDA:112,12,0,0
BRDA:112,12,1,0
BRDA:117,13,0,0
BRDA:117,13,1,0
BRDA:142,14,0,0
BRDA:142,14,1,0
BRDA:154,15,0,0
BRDA:154,15,1,0
BRDA:154,15,2,0
BRDA:166,16,0,0
BRDA:166,16,1,0
BRDA:202,17,0,0
BRDA:202,17,1,0
BRDA:242,18,0,0
BRDA:242,18,1,0
BRDA:252,19,0,0
BRDA:252,19,1,0
BRDA:255,20,0,0
BRDA:255,20,1,0
BRDA:291,21,0,0
BRDA:291,21,1,0
BRDA:307,22,0,0
BRDA:307,22,1,0
BRDA:317,23,0,0
BRDA:317,23,1,0
BRDA:317,23,2,0
BRDA:328,24,0,0
BRDA:328,24,1,0
BRDA:341,25,0,0
BRDA:341,25,1,0
BRDA:342,26,0,0
BRDA:342,26,1,0
BRDA:348,27,0,0
BRDA:348,27,1,0
BRDA:348,27,2,0
BRDA:358,28,0,0
BRDA:358,28,1,0
BRDA:365,29,0,0
BRDA:365,29,1,0
BRDA:366,30,0,0
BRDA:366,30,1,0
BRDA:367,31,0,0
BRDA:367,31,1,0
BRDA:378,32,0,0
BRDA:378,32,1,0
BRF:70
BRH:0
end_of_record
TN:
SF:src\screens\auth\LoginScreen.js
FN:12,(anonymous_0)
FN:15,(anonymous_1)
FN:24,(anonymous_2)
FN:25,(anonymous_3)
FN:31,(anonymous_4)
FN:105,(anonymous_5)
FN:127,(anonymous_6)
FN:143,(anonymous_7)
FN:151,(anonymous_8)
FN:179,(anonymous_9)
FN:191,(anonymous_10)
FN:207,(anonymous_11)
FN:219,(anonymous_12)
FNF:13
FNH:0
FNDA:0,(anonymous_0)
FNDA:0,(anonymous_1)
FNDA:0,(anonymous_2)
FNDA:0,(anonymous_3)
FNDA:0,(anonymous_4)
FNDA:0,(anonymous_5)
FNDA:0,(anonymous_6)
FNDA:0,(anonymous_7)
FNDA:0,(anonymous_8)
FNDA:0,(anonymous_9)
FNDA:0,(anonymous_10)
FNDA:0,(anonymous_11)
FNDA:0,(anonymous_12)
DA:12,0
DA:13,0
DA:14,0
DA:15,0
DA:17,0
DA:22,0
DA:24,0
DA:25,0
DA:31,0
DA:33,0
DA:34,0
DA:35,0
DA:37,0
DA:38,0
DA:39,0
DA:42,0
DA:43,0
DA:49,0
DA:53,0
DA:54,0
DA:57,0
DA:58,0
DA:59,0
DA:60,0
DA:61,0
DA:62,0
DA:63,0
DA:67,0
DA:70,0
DA:72,0
DA:79,0
DA:105,0
DA:127,0
DA:143,0
DA:151,0
DA:180,0
DA:192,0
DA:207,0
DA:219,0
DA:230,0
LF:40
LH:0
BRDA:33,0,0,0
BRDA:33,0,1,0
BRDA:37,1,0,0
BRDA:37,1,1,0
BRDA:49,2,0,0
BRDA:49,2,1,0
BRDA:54,3,0,0
BRDA:54,3,1,0
BRDA:57,4,0,0
BRDA:57,4,1,0
BRDA:58,5,0,0
BRDA:58,5,1,0
BRDA:60,6,0,0
BRDA:60,6,1,0
BRDA:60,7,0,0
BRDA:60,7,1,0
BRDA:62,8,0,0
BRDA:62,8,1,0
BRDA:62,9,0,0
BRDA:62,9,1,0
BRDA:82,10,0,0
BRDA:82,10,1,0
BRDA:150,11,0,0
BRDA:150,11,1,0
BRDA:158,12,0,0
BRDA:158,12,1,0
BRDA:166,13,0,0
BRDA:166,13,1,0
BRF:28
BRH:0
end_of_record
TN:
SF:src\screens\auth\RegisterScreen.js
FN:23,(anonymous_0)
FN:53,(anonymous_1)
FN:54,(anonymous_2)
FN:61,(anonymous_3)
FN:69,(anonymous_4)
FN:72,(anonymous_5)
FN:73,(anonymous_6)
FN:79,(anonymous_7)
FN:83,(anonymous_8)
FN:87,(anonymous_9)
FN:112,(anonymous_10)
FN:114,(anonymous_11)
FN:130,(anonymous_12)
FN:135,(anonymous_13)
FN:199,(anonymous_14)
FN:254,(anonymous_15)
FN:295,(anonymous_16)
FN:299,(anonymous_17)
FN:330,(anonymous_18)
FN:344,(anonymous_19)
FN:355,(anonymous_20)
FN:367,(anonymous_21)
FN:380,(anonymous_22)
FN:387,(anonymous_23)
FN:395,(anonymous_24)
FN:434,(anonymous_25)
FN:448,(anonymous_26)
FN:464,(anonymous_27)
FN:479,(anonymous_28)
FN:511,(anonymous_29)
FN:569,(anonymous_30)
FN:597,(anonymous_31)
FN:612,(anonymous_32)
FN:640,(anonymous_33)
FNF:34
FNH:0
FNDA:0,(anonymous_0)
FNDA:0,(anonymous_1)
FNDA:0,(anonymous_2)
FNDA:0,(anonymous_3)
FNDA:0,(anonymous_4)
FNDA:0,(anonymous_5)
FNDA:0,(anonymous_6)
FNDA:0,(anonymous_7)
FNDA:0,(anonymous_8)
FNDA:0,(anonymous_9)
FNDA:0,(anonymous_10)
FNDA:0,(anonymous_11)
FNDA:0,(anonymous_12)
FNDA:0,(anonymous_13)
FNDA:0,(anonymous_14)
FNDA:0,(anonymous_15)
FNDA:0,(anonymous_16)
FNDA:0,(anonymous_17)
FNDA:0,(anonymous_18)
FNDA:0,(anonymous_19)
FNDA:0,(anonymous_20)
FNDA:0,(anonymous_21)
FNDA:0,(anonymous_22)
FNDA:0,(anonymous_23)
FNDA:0,(anonymous_24)
FNDA:0,(anonymous_25)
FNDA:0,(anonymous_26)
FNDA:0,(anonymous_27)
FNDA:0,(anonymous_28)
FNDA:0,(anonymous_29)
FNDA:0,(anonymous_30)
FNDA:0,(anonymous_31)
FNDA:0,(anonymous_32)
FNDA:0,(anonymous_33)
DA:23,0
DA:24,0
DA:25,0
DA:28,0
DA:42,0
DA:43,0
DA:44,0
DA:47,0
DA:48,0
DA:49,0
DA:50,0
DA:53,0
DA:54,0
DA:60,0
DA:61,0
DA:69,0
DA:71,0
DA:72,0
DA:73,0
DA:75,0
DA:76,0
DA:79,0
DA:83,0
DA:85,0
DA:86,0
DA:87,0
DA:88,0
DA:89,0
DA:92,0
DA:93,0
DA:94,0
DA:95,0
DA:100,0
DA:101,0
DA:102,0
DA:104,0
DA:105,0
DA:107,0
DA:112,0
DA:113,0
DA:114,0
DA:115,0
DA:118,0
DA:119,0
DA:120,0
DA:126,0
DA:127,0
DA:129,0
DA:130,0
DA:135,0
DA:136,0
DA:139,0
DA:140,0
DA:141,0
DA:142,0
DA:146,0
DA:147,0
DA:148,0
DA:149,0
DA:150,0
DA:154,0
DA:155,0
DA:156,0
DA:157,0
DA:161,0
DA:162,0
DA:163,0
DA:164,0
DA:168,0
DA:169,0
DA:170,0
DA:174,0
DA:175,0
DA:177,0
DA:178,0
DA:179,0
DA:184,0
DA:185,0
DA:186,0
DA:187,0
DA:188,0
DA:189,0
DA:190,0
DA:194,0
DA:195,0
DA:199,0
DA:200,0
DA:201,0
DA:202,0
DA:205,0
DA:206,0
DA:207,0
DA:210,0
DA:212,0
DA:214,0
DA:228,0
DA:230,0
DA:232,0
DA:235,0
DA:236,0
DA:239,0
DA:248,0
DA:255,0
DA:257,0
DA:258,0
DA:259,0
DA:260,0
DA:262,0
DA:270,0
DA:271,0
DA:274,0
DA:276,0
DA:277,0
DA:280,0
DA:281,0
DA:284,0
DA:295,0
DA:296,0
DA:297,0
DA:299,0
DA:301,0
DA:303,0
DA:304,0
DA:305,0
DA:306,0
DA:307,0
DA:308,0
DA:311,0
DA:315,0
DA:317,0
DA:319,0
DA:320,0
DA:323,0
DA:325,0
DA:330,0
DA:331,0
DA:333,0
DA:335,0
DA:337,0
DA:339,0
DA:344,0
DA:345,0
DA:355,0
DA:367,0
DA:380,0
DA:381,0
DA:387,0
DA:395,0
DA:404,0
DA:434,0
DA:448,0
DA:465,0
DA:466,0
DA:468,0
DA:470,0
DA:471,0
DA:472,0
DA:480,0
DA:482,0
DA:483,0
DA:484,0
DA:485,0
DA:511,0
DA:569,0
DA:597,0
DA:612,0
DA:640,0
DA:652,0
LF:168
LH:0
BRDA:60,0,0,0
BRDA:60,0,1,0
BRDA:71,1,0,0
BRDA:71,1,1,0
BRDA:75,2,0,0
BRDA:75,2,1,0
BRDA:86,3,0,0
BRDA:86,3,1,0
BRDA:105,4,0,0
BRDA:105,4,1,0
BRDA:113,5,0,0
BRDA:113,5,1,0
BRDA:113,6,0,0
BRDA:113,6,1,0
BRDA:130,7,0,0
BRDA:130,7,1,0
BRDA:139,8,0,0
BRDA:139,8,1,0
BRDA:141,9,0,0
BRDA:141,9,1,0
BRDA:147,10,0,0
BRDA:147,10,1,0
BRDA:149,11,0,0
BRDA:149,11,1,0
BRDA:154,12,0,0
BRDA:154,12,1,0
BRDA:156,13,0,0
BRDA:156,13,1,0
BRDA:161,14,0,0
BRDA:161,14,1,0
BRDA:163,15,0,0
BRDA:163,15,1,0
BRDA:169,16,0,0
BRDA:169,16,1,0
BRDA:174,17,0,0
BRDA:174,17,1,0
BRDA:178,18,0,0
BRDA:178,18,1,0
BRDA:178,19,0,0
BRDA:178,19,1,0
BRDA:178,19,2,0
BRDA:184,20,0,0
BRDA:184,20,1,0
BRDA:185,21,0,0
BRDA:185,21,1,0
BRDA:187,22,0,0
BRDA:187,22,1,0
BRDA:189,23,0,0
BRDA:189,23,1,0
BRDA:200,24,0,0
BRDA:200,24,1,0
BRDA:205,25,0,0
BRDA:205,25,1,0
BRDA:230,26,0,0
BRDA:230,26,1,0
BRDA:257,27,0,0
BRDA:257,27,1,0
BRDA:259,28,0,0
BRDA:259,28,1,0
BRDA:276,29,0,0
BRDA:276,29,1,0
BRDA:280,30,0,0
BRDA:280,30,1,0
BRDA:280,31,0,0
BRDA:280,31,1,0
BRDA:280,31,2,0
BRDA:296,32,0,0
BRDA:296,32,1,0
BRDA:297,33,0,0
BRDA:297,33,1,0
BRDA:303,34,0,0
BRDA:303,34,1,0
BRDA:303,35,0,0
BRDA:303,35,1,0
BRDA:305,36,0,0
BRDA:305,36,1,0
BRDA:307,37,0,0
BRDA:307,37,1,0
BRDA:307,38,0,0
BRDA:307,38,1,0
BRDA:317,39,0,0
BRDA:317,39,1,0
BRDA:317,39,2,0
BRDA:319,40,0,0
BRDA:319,40,1,0
BRDA:331,41,0,0
BRDA:331,41,1,0
BRDA:331,41,2,0
BRDA:331,41,3,0
BRDA:354,42,0,0
BRDA:354,42,1,0
BRDA:366,43,0,0
BRDA:366,43,1,0
BRDA:385,44,0,0
BRDA:385,44,1,0
BRDA:388,45,0,0
BRDA:388,45,1,0
BRDA:393,46,0,0
BRDA:393,46,1,0
BRDA:396,47,0,0
BRDA:396,47,1,0
BRDA:407,48,0,0
BRDA:407,48,1,0
BRDA:439,49,0,0
BRDA:439,49,1,0
BRDA:455,50,0,0
BRDA:455,50,1,0
BRDA:482,51,0,0
BRDA:482,51,1,0
BRDA:495,52,0,0
BRDA:495,52,1,0
BRDA:524,53,0,0
BRDA:524,53,1,0
BRDA:524,53,2,0
BRDA:528,54,0,0
BRDA:528,54,1,0
BRDA:528,55,0,0
BRDA:528,55,1,0
BRDA:531,56,0,0
BRDA:531,56,1,0
BRDA:531,56,2,0
BRDA:535,57,0,0
BRDA:535,57,1,0
BRDA:545,58,0,0
BRDA:545,58,1,0
BRDA:547,59,0,0
BRDA:547,59,1,0
BRDA:551,60,0,0
BRDA:551,60,1,0
BRDA:576,61,0,0
BRDA:576,61,1,0
BRDA:603,62,0,0
BRDA:603,62,1,0
BRDA:618,63,0,0
BRDA:618,63,1,0
BRDA:632,64,0,0
BRDA:632,64,1,0
BRF:137
BRH:0
end_of_record
TN:
SF:src\screens\auth\WelcomeScreen.js
FN:10,(anonymous_0)
FN:64,(anonymous_1)
FN:70,(anonymous_2)
FNF:3
FNH:0
FNDA:0,(anonymous_0)
FNDA:0,(anonymous_1)
FNDA:0,(anonymous_2)
DA:8,0
DA:10,0
DA:11,0
DA:14,0
DA:15,0
DA:16,0
DA:18,0
DA:64,0
DA:70,0
DA:82,0
LF:10
LH:0
BRF:0
BRH:0
end_of_record
TN:
SF:src\screens\common\AboutScreen.js
FN:15,(anonymous_0)
FN:25,(anonymous_1)
FN:55,(anonymous_2)
FN:61,(anonymous_3)
FN:67,(anonymous_4)
FN:73,(anonymous_5)
FNF:6
FNH:0
FNDA:0,(anonymous_0)
FNDA:0,(anonymous_1)
FNDA:0,(anonymous_2)
FNDA:0,(anonymous_3)
FNDA:0,(anonymous_4)
FNDA:0,(anonymous_5)
DA:15,0
DA:16,0
DA:17,0
DA:18,0
DA:22,0
DA:25,0
DA:55,0
DA:61,0
DA:67,0
DA:73,0
DA:99,0
LF:11
LH:0
BRF:0
BRH:0
end_of_record
TN:
SF:src\screens\common\ChatScreen.js
FN:26,(anonymous_0)
FN:37,(anonymous_1)
FN:51,(anonymous_2)
FN:60,(anonymous_3)
FN:61,(anonymous_4)
FN:75,(anonymous_5)
FN:97,(anonymous_6)
FN:112,(anonymous_7)
FN:122,(anonymous_8)
FN:163,(anonymous_9)
FN:164,(anonymous_10)
FN:175,(anonymous_11)
FN:202,(anonymous_12)
FN:220,(anonymous_13)
FN:283,(anonymous_14)
FN:328,(anonymous_15)
FN:334,(anonymous_16)
FN:374,(anonymous_17)
FN:385,(anonymous_18)
FN:398,(anonymous_19)
FN:426,(anonymous_20)
FN:444,(anonymous_21)
FN:449,(anonymous_22)
FN:450,(anonymous_23)
FN:457,(anonymous_24)
FN:467,(anonymous_25)
FN:473,(anonymous_26)
FN:477,(anonymous_27)
FN:497,(anonymous_28)
FN:516,(anonymous_29)
FN:526,(anonymous_30)
FN:546,(anonymous_31)
FN:578,(anonymous_32)
FN:583,(anonymous_33)
FN:588,(anonymous_34)
FN:596,(anonymous_35)
FN:610,(anonymous_36)
FN:638,(anonymous_37)
FN:663,(anonymous_38)
FN:690,(anonymous_39)
FN:710,(anonymous_40)
FNF:41
FNH:0
FNDA:0,(anonymous_0)
FNDA:0,(anonymous_1)
FNDA:0,(anonymous_2)
FNDA:0,(anonymous_3)
FNDA:0,(anonymous_4)
FNDA:0,(anonymous_5)
FNDA:0,(anonymous_6)
FNDA:0,(anonymous_7)
FNDA:0,(anonymous_8)
FNDA:0,(anonymous_9)
FNDA:0,(anonymous_10)
FNDA:0,(anonymous_11)
FNDA:0,(anonymous_12)
FNDA:0,(anonymous_13)
FNDA:0,(anonymous_14)
FNDA:0,(anonymous_15)
FNDA:0,(anonymous_16)
FNDA:0,(anonymous_17)
FNDA:0,(anonymous_18)
FNDA:0,(anonymous_19)
FNDA:0,(anonymous_20)
FNDA:0,(anonymous_21)
FNDA:0,(anonymous_22)
FNDA:0,(anonymous_23)
FNDA:0,(anonymous_24)
FNDA:0,(anonymous_25)
FNDA:0,(anonymous_26)
FNDA:0,(anonymous_27)
FNDA:0,(anonymous_28)
FNDA:0,(anonymous_29)
FNDA:0,(anonymous_30)
FNDA:0,(anonymous_31)
FNDA:0,(anonymous_32)
FNDA:0,(anonymous_33)
FNDA:0,(anonymous_34)
FNDA:0,(anonymous_35)
FNDA:0,(anonymous_36)
FNDA:0,(anonymous_37)
FNDA:0,(anonymous_38)
FNDA:0,(anonymous_39)
FNDA:0,(anonymous_40)
DA:26,0
DA:27,0
DA:28,0
DA:29,0
DA:30,0
DA:31,0
DA:32,0
DA:33,0
DA:34,0
DA:35,0
DA:36,0
DA:37,0
DA:40,0
DA:41,0
DA:42,0
DA:43,0
DA:44,0
DA:45,0
DA:48,0
DA:49,0
DA:51,0
DA:52,0
DA:53,0
DA:55,0
DA:60,0
DA:61,0
DA:63,0
DA:64,0
DA:66,0
DA:67,0
DA:69,0
DA:70,0
DA:75,0
DA:76,0
DA:78,0
DA:79,0
DA:80,0
DA:81,0
DA:82,0
DA:85,0
DA:93,0
DA:94,0
DA:95,0
DA:97,0
DA:99,0
DA:100,0
DA:103,0
DA:104,0
DA:106,0
DA:107,0
DA:112,0
DA:113,0
DA:114,0
DA:115,0
DA:116,0
DA:118,0
DA:122,0
DA:123,0
DA:124,0
DA:125,0
DA:127,0
DA:132,0
DA:158,0
DA:159,0
DA:160,0
DA:163,0
DA:164,0
DA:166,0
DA:169,0
DA:170,0
DA:175,0
DA:176,0
DA:178,0
DA:179,0
DA:180,0
DA:183,0
DA:184,0
DA:185,0
DA:186,0
DA:187,0
DA:188,0
DA:192,0
DA:193,0
DA:196,0
DA:197,0
DA:202,0
DA:203,0
DA:205,0
DA:206,0
DA:207,0
DA:208,0
DA:209,0
DA:210,0
DA:211,0
DA:212,0
DA:215,0
DA:220,0
DA:221,0
DA:222,0
DA:223,0
DA:224,0
DA:225,0
DA:228,0
DA:229,0
DA:230,0
DA:231,0
DA:235,0
DA:236,0
DA:240,0
DA:249,0
DA:250,0
DA:252,0
DA:253,0
DA:255,0
DA:256,0
DA:257,0
DA:259,0
DA:261,0
DA:262,0
DA:266,0
DA:269,0
DA:270,0
DA:271,0
DA:272,0
DA:273,0
DA:276,0
DA:280,0
DA:284,0
DA:285,0
DA:286,0
DA:287,0
DA:289,0
DA:290,0
DA:291,0
DA:292,0
DA:293,0
DA:298,0
DA:299,0
DA:302,0
DA:303,0
DA:304,0
DA:305,0
DA:306,0
DA:308,0
DA:309,0
DA:310,0
DA:311,0
DA:312,0
DA:313,0
DA:314,0
DA:315,0
DA:316,0
DA:318,0
DA:321,0
DA:322,0
DA:323,0
DA:328,0
DA:329,0
DA:330,0
DA:331,0
DA:334,0
DA:335,0
DA:337,0
DA:339,0
DA:340,0
DA:345,0
DA:347,0
DA:348,0
DA:349,0
DA:351,0
DA:352,0
DA:353,0
DA:358,0
DA:359,0
DA:360,0
DA:367,0
DA:373,0
DA:374,0
DA:375,0
DA:379,0
DA:380,0
DA:382,0
DA:384,0
DA:385,0
DA:386,0
DA:387,0
DA:391,0
DA:392,0
DA:394,0
DA:398,0
DA:400,0
DA:401,0
DA:402,0
DA:403,0
DA:406,0
DA:407,0
DA:408,0
DA:409,0
DA:410,0
DA:414,0
DA:421,0
DA:422,0
DA:426,0
DA:427,0
DA:428,0
DA:429,0
DA:430,0
DA:433,0
DA:439,0
DA:440,0
DA:444,0
DA:445,0
DA:449,0
DA:450,0
DA:457,0
DA:458,0
DA:460,0
DA:461,0
DA:463,0
DA:467,0
DA:468,0
DA:469,0
DA:473,0
DA:474,0
DA:477,0
DA:478,0
DA:479,0
DA:480,0
DA:482,0
DA:483,0
DA:488,0
DA:497,0
DA:498,0
DA:500,0
DA:501,0
DA:502,0
DA:503,0
DA:505,0
DA:516,0
DA:526,0
DA:547,0
DA:578,0
DA:579,0
DA:580,0
DA:583,0
DA:584,0
DA:585,0
DA:588,0
DA:589,0
DA:596,0
DA:597,0
DA:598,0
DA:606,0
DA:607,0
DA:611,0
DA:612,0
DA:614,0
DA:631,0
DA:639,0
DA:640,0
DA:642,0
DA:663,0
DA:710,0
DA:764,0
LF:264
LH:0
BRDA:28,0,0,0
BRDA:28,0,1,0
BRDA:52,1,0,0
BRDA:52,1,1,0
BRDA:63,2,0,0
BRDA:63,2,1,0
BRDA:66,3,0,0
BRDA:66,3,1,0
BRDA:69,4,0,0
BRDA:69,4,1,0
BRDA:75,5,0,0
BRDA:75,6,0,0
BRDA:76,7,0,0
BRDA:76,7,1,0
BRDA:79,8,0,0
BRDA:79,8,1,0
BRDA:81,9,0,0
BRDA:81,9,1,0
BRDA:93,10,0,0
BRDA:93,10,1,0
BRDA:94,11,0,0
BRDA:94,11,1,0
BRDA:94,12,0,0
BRDA:94,12,1,0
BRDA:114,13,0,0
BRDA:114,13,1,0
BRDA:125,14,0,0
BRDA:125,14,1,0
BRDA:176,15,0,0
BRDA:176,15,1,0
BRDA:186,16,0,0
BRDA:186,16,1,0
BRDA:192,17,0,0
BRDA:192,17,1,0
BRDA:203,18,0,0
BRDA:203,18,1,0
BRDA:210,19,0,0
BRDA:210,19,1,0
BRDA:225,20,0,0
BRDA:225,20,1,0
BRDA:228,21,0,0
BRDA:228,21,1,0
BRDA:235,22,0,0
BRDA:235,22,1,0
BRDA:250,23,0,0
BRDA:250,23,1,0
BRDA:252,24,0,0
BRDA:252,24,1,0
BRDA:253,25,0,0
BRDA:253,25,1,0
BRDA:257,26,0,0
BRDA:257,26,1,0
BRDA:257,27,0,0
BRDA:257,27,1,0
BRDA:259,28,0,0
BRDA:259,28,1,0
BRDA:272,29,0,0
BRDA:272,29,1,0
BRDA:285,30,0,0
BRDA:285,30,1,0
BRDA:289,31,0,0
BRDA:289,31,1,0
BRDA:309,32,0,0
BRDA:309,32,1,0
BRDA:311,33,0,0
BRDA:311,33,1,0
BRDA:313,34,0,0
BRDA:313,34,1,0
BRDA:315,35,0,0
BRDA:315,35,1,0
BRDA:334,36,0,0
BRDA:334,37,0,0
BRDA:335,38,0,0
BRDA:335,38,1,0
BRDA:335,39,0,0
BRDA:335,39,1,0
BRDA:335,39,2,0
BRDA:345,40,0,0
BRDA:345,40,1,0
BRDA:345,41,0,0
BRDA:345,41,1,0
BRDA:345,41,2,0
BRDA:351,42,0,0
BRDA:351,42,1,0
BRDA:358,43,0,0
BRDA:358,43,1,0
BRDA:373,44,0,0
BRDA:373,44,1,0
BRDA:384,45,0,0
BRDA:384,45,1,0
BRDA:398,46,0,0
BRDA:401,47,0,0
BRDA:401,47,1,0
BRDA:406,48,0,0
BRDA:406,48,1,0
BRDA:408,49,0,0
BRDA:408,49,1,0
BRDA:421,50,0,0
BRDA:421,50,1,0
BRDA:428,51,0,0
BRDA:428,51,1,0
BRDA:439,52,0,0
BRDA:439,52,1,0
BRDA:458,53,0,0
BRDA:458,53,1,0
BRDA:468,54,0,0
BRDA:468,54,1,0
BRDA:468,55,0,0
BRDA:468,55,1,0
BRDA:482,56,0,0
BRDA:482,56,1,0
BRDA:498,57,0,0
BRDA:498,57,1,0
BRDA:508,58,0,0
BRDA:508,58,1,0
BRDA:512,59,0,0
BRDA:512,59,1,0
BRDA:513,60,0,0
BRDA:513,60,1,0
BRDA:513,60,2,0
BRDA:515,61,0,0
BRDA:515,61,1,0
BRDA:515,62,0,0
BRDA:515,62,1,0
BRDA:523,63,0,0
BRDA:523,63,1,0
BRDA:523,64,0,0
BRDA:523,64,1,0
BRDA:530,65,0,0
BRDA:530,65,1,0
BRDA:532,66,0,0
BRDA:532,66,1,0
BRDA:538,67,0,0
BRDA:538,67,1,0
BRDA:544,68,0,0
BRDA:544,68,1,0
BRDA:551,69,0,0
BRDA:551,69,1,0
BRDA:552,70,0,0
BRDA:552,70,1,0
BRDA:562,71,0,0
BRDA:562,71,1,0
BRDA:564,72,0,0
BRDA:564,72,1,0
BRDA:569,73,0,0
BRDA:569,73,1,0
BRDA:597,74,0,0
BRDA:597,74,1,0
BRDA:597,75,0,0
BRDA:597,75,1,0
BRDA:606,76,0,0
BRDA:606,76,1,0
BRDA:606,77,0,0
BRDA:606,77,1,0
BRDA:611,78,0,0
BRDA:611,78,1,0
BRDA:620,79,0,0
BRDA:620,79,1,0
BRDA:635,80,0,0
BRDA:635,80,1,0
BRDA:639,81,0,0
BRDA:639,81,1,0
BRDA:649,82,0,0
BRDA:649,82,1,0
BRDA:651,83,0,0
BRDA:651,83,1,0
BRDA:653,84,0,0
BRDA:653,84,1,0
BRDA:663,85,0,0
BRDA:663,85,1,0
BRDA:667,86,0,0
BRDA:667,86,1,0
BRDA:694,87,0,0
BRDA:694,87,1,0
BRDA:697,88,0,0
BRDA:697,88,1,0
BRDA:713,89,0,0
BRDA:713,89,1,0
BRDA:713,89,2,0
BRDA:715,90,0,0
BRDA:715,90,1,0
BRDA:717,91,0,0
BRDA:717,91,1,0
BRF:183
BRH:0
end_of_record
TN:
SF:src\screens\common\ComingSoonScreen.js
FN:7,(anonymous_0)
FN:14,(anonymous_1)
FN:27,(anonymous_2)
FNF:3
FNH:0
FNDA:0,(anonymous_0)
FNDA:0,(anonymous_1)
FNDA:0,(anonymous_2)
DA:7,0
DA:8,0
DA:9,0
DA:11,0
DA:14,0
DA:27,0
DA:37,0
LF:7
LH:0
BRDA:9,0,0,0
BRDA:9,1,0,0
BRDA:9,1,1,0
BRF:3
BRH:0
end_of_record
TN:
SF:src\screens\common\ConversationListScreen.js
FN:19,(anonymous_0)
FN:28,(anonymous_1)
FN:31,(anonymous_2)
FN:37,(anonymous_3)
FN:59,(anonymous_4)
FN:68,(anonymous_5)
FN:75,(anonymous_6)
FN:79,(anonymous_7)
FN:101,(anonymous_8)
FN:104,(anonymous_9)
FN:149,(anonymous_10)
FN:160,(anonymous_11)
FN:204,(anonymous_12)
FN:210,(anonymous_13)
FNF:14
FNH:0
FNDA:0,(anonymous_0)
FNDA:0,(anonymous_1)
FNDA:0,(anonymous_2)
FNDA:0,(anonymous_3)
FNDA:0,(anonymous_4)
FNDA:0,(anonymous_5)
FNDA:0,(anonymous_6)
FNDA:0,(anonymous_7)
FNDA:0,(anonymous_8)
FNDA:0,(anonymous_9)
FNDA:0,(anonymous_10)
FNDA:0,(anonymous_11)
FNDA:0,(anonymous_12)
FNDA:0,(anonymous_13)
DA:19,0
DA:20,0
DA:21,0
DA:22,0
DA:23,0
DA:24,0
DA:28,0
DA:30,0
DA:32,0
DA:33,0
DA:37,0
DA:38,0
DA:39,0
DA:40,0
DA:42,0
DA:45,0
DA:47,0
DA:48,0
DA:51,0
DA:52,0
DA:54,0
DA:55,0
DA:59,0
DA:60,0
DA:61,0
DA:62,0
DA:64,0
DA:68,0
DA:69,0
DA:75,0
DA:76,0
DA:79,0
DA:80,0
DA:82,0
DA:83,0
DA:84,0
DA:85,0
DA:87,0
DA:88,0
DA:89,0
DA:90,0
DA:91,0
DA:92,0
DA:94,0
DA:101,0
DA:102,0
DA:104,0
DA:149,0
DA:150,0
DA:160,0
DA:161,0
DA:175,0
DA:176,0
DA:192,0
DA:204,0
DA:210,0
DA:222,0
LF:57
LH:0
BRDA:37,0,0,0
BRDA:39,1,0,0
BRDA:39,1,1,0
BRDA:47,2,0,0
BRDA:47,2,1,0
BRDA:80,3,0,0
BRDA:80,3,1,0
BRDA:87,4,0,0
BRDA:87,4,1,0
BRDA:89,5,0,0
BRDA:89,5,1,0
BRDA:91,6,0,0
BRDA:91,6,1,0
BRDA:94,7,0,0
BRDA:94,7,1,0
BRDA:110,8,0,0
BRDA:110,8,1,0
BRDA:113,9,0,0
BRDA:113,9,1,0
BRDA:118,10,0,0
BRDA:118,10,1,0
BRDA:121,11,0,0
BRDA:121,11,1,0
BRDA:130,12,0,0
BRDA:130,12,1,0
BRDA:139,13,0,0
BRDA:139,13,1,0
BRDA:142,14,0,0
BRDA:142,14,1,0
BRDA:175,15,0,0
BRDA:175,15,1,0
BRDA:204,16,0,0
BRDA:204,16,1,0
BRDA:206,17,0,0
BRDA:206,17,1,0
BRDA:214,18,0,0
BRDA:214,18,1,0
BRF:37
BRH:0
end_of_record
TN:
SF:src\screens\common\EditProfileScreen.js
FN:19,(anonymous_0)
FN:21,(anonymous_1)
FN:37,(anonymous_2)
FN:41,(anonymous_3)
FN:82,(anonymous_4)
FN:83,(anonymous_5)
FN:92,(anonymous_6)
FN:107,(anonymous_7)
FN:115,(anonymous_8)
FN:123,(anonymous_9)
FN:132,(anonymous_10)
FN:141,(anonymous_11)
FN:151,(anonymous_12)
FN:160,(anonymous_13)
FN:169,(anonymous_14)
FN:175,(anonymous_15)
FNF:16
FNH:0
FNDA:0,(anonymous_0)
FNDA:0,(anonymous_1)
FNDA:0,(anonymous_2)
FNDA:0,(anonymous_3)
FNDA:0,(anonymous_4)
FNDA:0,(anonymous_5)
FNDA:0,(anonymous_6)
FNDA:0,(anonymous_7)
FNDA:0,(anonymous_8)
FNDA:0,(anonymous_9)
FNDA:0,(anonymous_10)
FNDA:0,(anonymous_11)
FNDA:0,(anonymous_12)
FNDA:0,(anonymous_13)
FNDA:0,(anonymous_14)
FNDA:0,(anonymous_15)
DA:19,0
DA:20,0
DA:21,0
DA:22,0
DA:24,0
DA:34,0
DA:35,0
DA:37,0
DA:38,0
DA:41,0
DA:42,0
DA:43,0
DA:45,0
DA:46,0
DA:47,0
DA:50,0
DA:61,0
DA:62,0
DA:65,0
DA:66,0
DA:68,0
DA:71,0
DA:72,0
DA:74,0
DA:75,0
DA:77,0
DA:78,0
DA:82,0
DA:83,0
DA:89,0
DA:92,0
DA:107,0
DA:115,0
DA:123,0
DA:132,0
DA:141,0
DA:151,0
DA:160,0
DA:169,0
DA:175,0
DA:186,0
LF:41
LH:0
BRDA:25,0,0,0
BRDA:25,0,1,0
BRDA:26,1,0,0
BRDA:26,1,1,0
BRDA:27,2,0,0
BRDA:27,2,1,0
BRDA:28,3,0,0
BRDA:28,3,1,0
BRDA:29,4,0,0
BRDA:29,4,1,0
BRDA:30,5,0,0
BRDA:30,5,1,0
BRDA:31,6,0,0
BRDA:31,6,1,0
BRF:14
BRH:0
end_of_record
TN:
SF:src\screens\common\LanguageSettingsScreen.js
FN:30,(anonymous_0)
FN:43,(anonymous_1)
FN:48,(anonymous_2)
FN:53,(anonymous_3)
FN:57,(anonymous_4)
FN:62,(anonymous_5)
FN:72,(anonymous_6)
FN:92,(anonymous_7)
FN:98,(anonymous_8)
FN:109,(anonymous_9)
FN:120,(anonymous_10)
FN:125,(anonymous_11)
FN:130,(anonymous_12)
FN:134,(anonymous_13)
FN:138,(anonymous_14)
FN:148,(anonymous_15)
FN:174,(anonymous_16)
FN:188,(anonymous_17)
FN:209,(anonymous_18)
FNF:19
FNH:0
FNDA:0,(anonymous_0)
FNDA:0,(anonymous_1)
FNDA:0,(anonymous_2)
FNDA:0,(anonymous_3)
FNDA:0,(anonymous_4)
FNDA:0,(anonymous_5)
FNDA:0,(anonymous_6)
FNDA:0,(anonymous_7)
FNDA:0,(anonymous_8)
FNDA:0,(anonymous_9)
FNDA:0,(anonymous_10)
FNDA:0,(anonymous_11)
FNDA:0,(anonymous_12)
FNDA:0,(anonymous_13)
FNDA:0,(anonymous_14)
FNDA:0,(anonymous_15)
FNDA:0,(anonymous_16)
FNDA:0,(anonymous_17)
FNDA:0,(anonymous_18)
DA:30,0
DA:31,0
DA:32,0
DA:34,0
DA:35,0
DA:36,0
DA:37,0
DA:39,0
DA:40,0
DA:41,0
DA:43,0
DA:45,0
DA:48,0
DA:50,0
DA:53,0
DA:55,0
DA:56,0
DA:57,0
DA:62,0
DA:63,0
DA:64,0
DA:67,0
DA:68,0
DA:69,0
DA:72,0
DA:73,0
DA:75,0
DA:76,0
DA:77,0
DA:78,0
DA:84,0
DA:85,0
DA:87,0
DA:92,0
DA:93,0
DA:94,0
DA:95,0
DA:98,0
DA:99,0
DA:101,0
DA:103,0
DA:105,0
DA:109,0
DA:110,0
DA:112,0
DA:114,0
DA:116,0
DA:120,0
DA:121,0
DA:126,0
DA:131,0
DA:134,0
DA:138,0
DA:148,0
DA:149,0
DA:170,0
DA:171,0
DA:174,0
DA:185,0
DA:188,0
DA:210,0
DA:256,0
LF:62
LH:0
BRDA:55,0,0,0
BRDA:55,0,1,0
BRDA:63,1,0,0
BRDA:63,1,1,0
BRDA:75,2,0,0
BRDA:75,2,1,0
BRDA:99,3,0,0
BRDA:99,3,1,0
BRDA:99,3,2,0
BRDA:110,4,0,0
BRDA:110,4,1,0
BRDA:110,4,2,0
BRDA:133,5,0,0
BRDA:133,5,1,0
BRDA:141,6,0,0
BRDA:141,6,1,0
BRDA:170,7,0,0
BRDA:170,7,1,0
BRDA:170,8,0,0
BRDA:170,8,1,0
BRF:20
BRH:0
end_of_record
TN:
SF:src\screens\common\SettingsScreen.js
FN:23,(anonymous_0)
FN:27,(anonymous_1)
FN:34,(anonymous_2)
FN:40,(anonymous_3)
FN:44,(anonymous_4)
FN:45,(anonymous_5)
FN:47,(anonymous_6)
FN:53,(anonymous_7)
FN:57,(anonymous_8)
FN:62,(anonymous_9)
FN:73,(anonymous_10)
FN:106,(anonymous_11)
FN:120,(anonymous_12)
FN:121,(anonymous_13)
FN:122,(anonymous_14)
FN:130,(anonymous_15)
FN:131,(anonymous_16)
FN:132,(anonymous_17)
FN:140,(anonymous_18)
FN:141,(anonymous_19)
FN:142,(anonymous_20)
FN:155,(anonymous_21)
FN:156,(anonymous_22)
FN:170,(anonymous_23)
FN:171,(anonymous_24)
FN:172,(anonymous_25)
FN:189,(anonymous_26)
FN:190,(anonymous_27)
FN:191,(anonymous_28)
FN:199,(anonymous_29)
FN:200,(anonymous_30)
FN:201,(anonymous_31)
FN:209,(anonymous_32)
FN:210,(anonymous_33)
FN:211,(anonymous_34)
FN:226,(anonymous_35)
FN:227,(anonymous_36)
FN:228,(anonymous_37)
FN:236,(anonymous_38)
FN:237,(anonymous_39)
FN:238,(anonymous_40)
FN:254,(anonymous_41)
FN:255,(anonymous_42)
FN:256,(anonymous_43)
FN:264,(anonymous_44)
FN:265,(anonymous_45)
FN:266,(anonymous_46)
FN:274,(anonymous_47)
FN:275,(anonymous_48)
FN:276,(anonymous_49)
FN:296,(anonymous_50)
FN:302,(anonymous_51)
FNF:52
FNH:0
FNDA:0,(anonymous_0)
FNDA:0,(anonymous_1)
FNDA:0,(anonymous_2)
FNDA:0,(anonymous_3)
FNDA:0,(anonymous_4)
FNDA:0,(anonymous_5)
FNDA:0,(anonymous_6)
FNDA:0,(anonymous_7)
FNDA:0,(anonymous_8)
FNDA:0,(anonymous_9)
FNDA:0,(anonymous_10)
FNDA:0,(anonymous_11)
FNDA:0,(anonymous_12)
FNDA:0,(anonymous_13)
FNDA:0,(anonymous_14)
FNDA:0,(anonymous_15)
FNDA:0,(anonymous_16)
FNDA:0,(anonymous_17)
FNDA:0,(anonymous_18)
FNDA:0,(anonymous_19)
FNDA:0,(anonymous_20)
FNDA:0,(anonymous_21)
FNDA:0,(anonymous_22)
FNDA:0,(anonymous_23)
FNDA:0,(anonymous_24)
FNDA:0,(anonymous_25)
FNDA:0,(anonymous_26)
FNDA:0,(anonymous_27)
FNDA:0,(anonymous_28)
FNDA:0,(anonymous_29)
FNDA:0,(anonymous_30)
FNDA:0,(anonymous_31)
FNDA:0,(anonymous_32)
FNDA:0,(anonymous_33)
FNDA:0,(anonymous_34)
FNDA:0,(anonymous_35)
FNDA:0,(anonymous_36)
FNDA:0,(anonymous_37)
FNDA:0,(anonymous_38)
FNDA:0,(anonymous_39)
FNDA:0,(anonymous_40)
FNDA:0,(anonymous_41)
FNDA:0,(anonymous_42)
FNDA:0,(anonymous_43)
FNDA:0,(anonymous_44)
FNDA:0,(anonymous_45)
FNDA:0,(anonymous_46)
FNDA:0,(anonymous_47)
FNDA:0,(anonymous_48)
FNDA:0,(anonymous_49)
FNDA:0,(anonymous_50)
FNDA:0,(anonymous_51)
DA:23,0
DA:24,0
DA:25,0
DA:26,0
DA:27,0
DA:29,0
DA:30,0
DA:31,0
DA:34,0
DA:35,0
DA:36,0
DA:37,0
DA:38,0
DA:40,0
DA:44,0
DA:45,0
DA:46,0
DA:47,0
DA:50,0
DA:53,0
DA:54,0
DA:57,0
DA:58,0
DA:59,0
DA:62,0
DA:63,0
DA:65,0
DA:67,0
DA:69,0
DA:73,0
DA:74,0
DA:75,0
DA:76,0
DA:77,0
DA:80,0
DA:106,0
DA:120,0
DA:121,0
DA:122,0
DA:130,0
DA:131,0
DA:132,0
DA:140,0
DA:141,0
DA:142,0
DA:155,0
DA:157,0
DA:170,0
DA:171,0
DA:172,0
DA:189,0
DA:190,0
DA:191,0
DA:199,0
DA:200,0
DA:201,0
DA:209,0
DA:210,0
DA:211,0
DA:226,0
DA:227,0
DA:228,0
DA:236,0
DA:237,0
DA:238,0
DA:254,0
DA:255,0
DA:256,0
DA:264,0
DA:265,0
DA:266,0
DA:274,0
DA:275,0
DA:276,0
DA:296,0
DA:302,0
DA:313,0
LF:77
LH:0
BRDA:63,0,0,0
BRDA:63,0,1,0
BRDA:63,0,2,0
BRDA:74,1,0,0
BRDA:74,1,1,0
BRDA:76,2,0,0
BRDA:76,2,1,0
BRDA:88,3,0,0
BRDA:88,3,1,0
BRDA:88,4,0,0
BRDA:88,4,1,0
BRDA:88,5,0,0
BRDA:88,5,1,0
BRDA:93,6,0,0
BRDA:93,6,1,0
BRDA:93,6,2,0
BRDA:93,7,0,0
BRDA:93,7,1,0
BRDA:93,8,0,0
BRDA:93,8,1,0
BRDA:180,9,0,0
BRDA:180,9,1,0
BRDA:217,10,0,0
BRDA:217,10,1,0
BRF:24
BRH:0
end_of_record
TN:
SF:src\screens\common\UserSearchScreen.js
FN:18,(anonymous_0)
FN:24,(anonymous_1)
FN:26,(anonymous_2)
FN:30,(anonymous_3)
FN:39,(anonymous_4)
FN:75,(anonymous_5)
FN:118,(anonymous_6)
FN:121,(anonymous_7)
FN:146,(anonymous_8)
FN:184,(anonymous_9)
FN:203,(anonymous_10)
FN:215,(anonymous_11)
FNF:12
FNH:0
FNDA:0,(anonymous_0)
FNDA:0,(anonymous_1)
FNDA:0,(anonymous_2)
FNDA:0,(anonymous_3)
FNDA:0,(anonymous_4)
FNDA:0,(anonymous_5)
FNDA:0,(anonymous_6)
FNDA:0,(anonymous_7)
FNDA:0,(anonymous_8)
FNDA:0,(anonymous_9)
FNDA:0,(anonymous_10)
FNDA:0,(anonymous_11)
DA:18,0
DA:19,0
DA:20,0
DA:21,0
DA:22,0
DA:23,0
DA:24,0
DA:26,0
DA:30,0
DA:31,0
DA:32,0
DA:34,0
DA:35,0
DA:39,0
DA:40,0
DA:41,0
DA:43,0
DA:45,0
DA:46,0
DA:48,0
DA:52,0
DA:53,0
DA:54,0
DA:57,0
DA:58,0
DA:60,0
DA:61,0
DA:62,0
DA:64,0
DA:65,0
DA:68,0
DA:71,0
DA:75,0
DA:76,0
DA:77,0
DA:80,0
DA:84,0
DA:86,0
DA:92,0
DA:94,0
DA:95,0
DA:99,0
DA:100,0
DA:106,0
DA:107,0
DA:110,0
DA:111,0
DA:114,0
DA:118,0
DA:119,0
DA:121,0
DA:146,0
DA:147,0
DA:148,0
DA:156,0
DA:157,0
DA:168,0
DA:169,0
DA:178,0
DA:181,0
DA:184,0
DA:203,0
DA:215,0
DA:225,0
LF:64
LH:0
BRDA:31,0,0,0
BRDA:31,0,1,0
BRDA:53,1,0,0
BRDA:53,1,1,0
BRDA:57,2,0,0
BRDA:57,2,1,0
BRDA:64,3,0,0
BRDA:64,3,1,0
BRDA:84,4,0,0
BRDA:84,4,1,0
BRDA:92,5,0,0
BRDA:92,5,1,0
BRDA:99,6,0,0
BRDA:99,6,1,0
BRDA:126,7,0,0
BRDA:126,7,1,0
BRDA:129,8,0,0
BRDA:129,8,1,0
BRDA:138,9,0,0
BRDA:138,9,1,0
BRDA:147,10,0,0
BRDA:147,10,1,0
BRDA:156,11,0,0
BRDA:156,11,1,0
BRDA:162,12,0,0
BRDA:162,12,1,0
BRDA:168,13,0,0
BRDA:168,13,1,0
BRDA:197,14,0,0
BRDA:197,14,1,0
BRDA:202,15,0,0
BRDA:202,15,1,0
BRDA:215,16,0,0
BRDA:215,16,1,0
BRDA:217,17,0,0
BRDA:217,17,1,0
BRF:36
BRH:0
end_of_record
TN:
SF:src\screens\doctor\AddMedicationScreen.js
FN:29,(anonymous_0)
FN:74,(anonymous_1)
FN:88,(anonymous_2)
FN:90,(anonymous_3)
FN:98,(anonymous_4)
FN:117,(anonymous_5)
FN:128,(anonymous_6)
FN:154,(anonymous_7)
FN:182,(anonymous_8)
FN:207,(anonymous_9)
FN:212,(anonymous_10)
FN:224,(anonymous_11)
FN:232,(anonymous_12)
FN:297,(anonymous_13)
FN:304,(anonymous_14)
FN:305,(anonymous_15)
FN:346,(anonymous_16)
FN:346,(anonymous_17)
FN:380,(anonymous_18)
FN:384,(anonymous_19)
FN:404,(anonymous_20)
FN:407,(anonymous_21)
FN:420,(anonymous_22)
FN:423,(anonymous_23)
FN:452,(anonymous_24)
FN:474,(anonymous_25)
FN:497,(anonymous_26)
FN:497,(anonymous_27)
FN:525,(anonymous_28)
FN:525,(anonymous_29)
FN:540,(anonymous_30)
FN:540,(anonymous_31)
FN:554,(anonymous_32)
FN:554,(anonymous_33)
FN:568,(anonymous_34)
FN:568,(anonymous_35)
FN:590,(anonymous_36)
FN:615,(anonymous_37)
FN:619,(anonymous_38)
FN:621,(anonymous_39)
FN:634,(anonymous_40)
FN:641,(anonymous_41)
FNF:42
FNH:0
FNDA:0,(anonymous_0)
FNDA:0,(anonymous_1)
FNDA:0,(anonymous_2)
FNDA:0,(anonymous_3)
FNDA:0,(anonymous_4)
FNDA:0,(anonymous_5)
FNDA:0,(anonymous_6)
FNDA:0,(anonymous_7)
FNDA:0,(anonymous_8)
FNDA:0,(anonymous_9)
FNDA:0,(anonymous_10)
FNDA:0,(anonymous_11)
FNDA:0,(anonymous_12)
FNDA:0,(anonymous_13)
FNDA:0,(anonymous_14)
FNDA:0,(anonymous_15)
FNDA:0,(anonymous_16)
FNDA:0,(anonymous_17)
FNDA:0,(anonymous_18)
FNDA:0,(anonymous_19)
FNDA:0,(anonymous_20)
FNDA:0,(anonymous_21)
FNDA:0,(anonymous_22)
FNDA:0,(anonymous_23)
FNDA:0,(anonymous_24)
FNDA:0,(anonymous_25)
FNDA:0,(anonymous_26)
FNDA:0,(anonymous_27)
FNDA:0,(anonymous_28)
FNDA:0,(anonymous_29)
FNDA:0,(anonymous_30)
FNDA:0,(anonymous_31)
FNDA:0,(anonymous_32)
FNDA:0,(anonymous_33)
FNDA:0,(anonymous_34)
FNDA:0,(anonymous_35)
FNDA:0,(anonymous_36)
FNDA:0,(anonymous_37)
FNDA:0,(anonymous_38)
FNDA:0,(anonymous_39)
FNDA:0,(anonymous_40)
FNDA:0,(anonymous_41)
DA:29,0
DA:30,0
DA:31,0
DA:32,0
DA:33,0
DA:34,0
DA:37,0
DA:50,0
DA:53,0
DA:54,0
DA:57,0
DA:58,0
DA:61,0
DA:74,0
DA:75,0
DA:76,0
DA:77,0
DA:78,0
DA:79,0
DA:80,0
DA:81,0
DA:82,0
DA:83,0
DA:88,0
DA:89,0
DA:90,0
DA:98,0
DA:99,0
DA:100,0
DA:113,0
DA:117,0
DA:118,0
DA:119,0
DA:120,0
DA:122,0
DA:123,0
DA:128,0
DA:129,0
DA:132,0
DA:133,0
DA:154,0
DA:155,0
DA:157,0
DA:158,0
DA:161,0
DA:162,0
DA:165,0
DA:166,0
DA:169,0
DA:170,0
DA:173,0
DA:174,0
DA:177,0
DA:178,0
DA:182,0
DA:183,0
DA:184,0
DA:185,0
DA:188,0
DA:189,0
DA:190,0
DA:204,0
DA:205,0
DA:206,0
DA:207,0
DA:210,0
DA:211,0
DA:212,0
DA:216,0
DA:217,0
DA:219,0
DA:224,0
DA:225,0
DA:229,0
DA:232,0
DA:298,0
DA:305,0
DA:306,0
DA:346,0
DA:381,0
DA:385,0
DA:386,0
DA:405,0
DA:406,0
DA:407,0
DA:421,0
DA:422,0
DA:423,0
DA:453,0
DA:454,0
DA:475,0
DA:476,0
DA:497,0
DA:525,0
DA:540,0
DA:554,0
DA:568,0
DA:590,0
DA:616,0
DA:617,0
DA:618,0
DA:619,0
DA:621,0
DA:635,0
DA:636,0
DA:637,0
DA:638,0
DA:639,0
DA:640,0
DA:641,0
DA:650,0
LF:111
LH:0
BRDA:30,0,0,0
BRDA:30,0,1,0
BRDA:75,1,0,0
BRDA:75,1,1,0
BRDA:75,1,2,0
BRDA:75,1,3,0
BRDA:75,1,4,0
BRDA:75,1,5,0
BRDA:75,1,6,0
BRDA:75,1,7,0
BRDA:99,2,0,0
BRDA:99,2,1,0
BRDA:113,3,0,0
BRDA:113,3,1,0
BRDA:120,4,0,0
BRDA:120,4,1,0
BRDA:132,5,0,0
BRDA:132,5,1,0
BRDA:135,6,0,0
BRDA:135,6,1,0
BRDA:136,7,0,0
BRDA:136,7,1,0
BRDA:137,8,0,0
BRDA:137,8,1,0
BRDA:139,9,0,0
BRDA:139,9,1,0
BRDA:142,10,0,0
BRDA:142,10,1,0
BRDA:143,11,0,0
BRDA:143,11,1,0
BRDA:144,12,0,0
BRDA:144,12,1,0
BRDA:145,13,0,0
BRDA:145,13,1,0
BRDA:146,14,0,0
BRDA:146,14,1,0
BRDA:147,15,0,0
BRDA:147,15,1,0
BRDA:148,16,0,0
BRDA:148,16,1,0
BRDA:157,17,0,0
BRDA:157,17,1,0
BRDA:161,18,0,0
BRDA:161,18,1,0
BRDA:161,19,0,0
BRDA:161,19,1,0
BRDA:165,20,0,0
BRDA:165,20,1,0
BRDA:165,21,0,0
BRDA:165,21,1,0
BRDA:169,22,0,0
BRDA:169,22,1,0
BRDA:169,23,0,0
BRDA:169,23,1,0
BRDA:169,23,2,0
BRDA:173,24,0,0
BRDA:173,24,1,0
BRDA:173,25,0,0
BRDA:173,25,1,0
BRDA:183,26,0,0
BRDA:183,26,1,0
BRDA:196,27,0,0
BRDA:196,27,1,0
BRDA:197,28,0,0
BRDA:197,28,1,0
BRDA:204,29,0,0
BRDA:204,29,1,0
BRDA:217,30,0,0
BRDA:217,30,1,0
BRDA:225,31,0,0
BRDA:225,31,1,0
BRDA:225,31,2,0
BRDA:233,32,0,0
BRDA:233,32,1,0
BRDA:242,33,0,0
BRDA:242,33,1,0
BRDA:268,34,0,0
BRDA:268,34,1,0
BRDA:278,35,0,0
BRDA:278,35,1,0
BRDA:284,36,0,0
BRDA:284,36,1,0
BRDA:295,37,0,0
BRDA:295,37,1,0
BRDA:295,37,2,0
BRDA:302,38,0,0
BRDA:302,38,1,0
BRDA:315,39,0,0
BRDA:315,39,1,0
BRDA:319,40,0,0
BRDA:319,40,1,0
BRDA:328,41,0,0
BRDA:328,41,1,0
BRDA:353,42,0,0
BRDA:353,42,1,0
BRDA:380,43,0,0
BRDA:380,43,1,0
BRDA:400,44,0,0
BRDA:400,44,1,0
BRDA:400,45,0,0
BRDA:400,45,1,0
BRDA:405,46,0,0
BRDA:405,46,1,0
BRDA:416,47,0,0
BRDA:416,47,1,0
BRDA:416,48,0,0
BRDA:416,48,1,0
BRDA:421,49,0,0
BRDA:421,49,1,0
BRDA:433,50,0,0
BRDA:433,50,1,0
BRDA:484,51,0,0
BRDA:484,51,1,0
BRDA:505,52,0,0
BRDA:505,52,1,0
BRDA:553,53,0,0
BRDA:553,53,1,0
BRDA:563,54,0,0
BRDA:563,54,1,0
BRDA:577,55,0,0
BRDA:577,55,1,0
BRDA:601,56,0,0
BRDA:601,56,1,0
BRDA:603,57,0,0
BRDA:603,57,1,0
BRDA:610,58,0,0
BRDA:610,58,1,0
BRDA:612,59,0,0
BRDA:612,59,1,0
BRDA:612,60,0,0
BRDA:612,60,1,0
BRDA:614,61,0,0
BRDA:614,61,1,0
BRDA:617,62,0,0
BRDA:617,62,1,0
BRDA:618,63,0,0
BRDA:618,63,1,0
BRDA:629,64,0,0
BRDA:629,64,1,0
BRDA:631,65,0,0
BRDA:631,65,1,0
BRDA:631,66,0,0
BRDA:631,66,1,0
BRDA:633,67,0,0
BRDA:633,67,1,0
BRDA:636,68,0,0
BRDA:636,68,1,0
BRDA:638,69,0,0
BRDA:638,69,1,0
BRF:149
BRH:0
end_of_record
TN:
SF:src\screens\doctor\AddPatientScreen.js
FN:27,(anonymous_0)
FN:31,(anonymous_1)
FN:32,(anonymous_2)
FN:58,(anonymous_3)
FN:98,(anonymous_4)
FN:105,(anonymous_5)
FN:111,(anonymous_6)
FN:117,(anonymous_7)
FN:118,(anonymous_8)
FN:119,(anonymous_9)
FN:121,(anonymous_10)
FN:129,(anonymous_11)
FN:137,(anonymous_12)
FN:147,(anonymous_13)
FN:156,(anonymous_14)
FN:170,(anonymous_15)
FN:182,(anonymous_16)
FN:185,(anonymous_17)
FN:196,(anonymous_18)
FN:197,(anonymous_19)
FN:208,(anonymous_20)
FN:243,(anonymous_21)
FN:253,(anonymous_22)
FN:267,(anonymous_23)
FN:313,(anonymous_24)
FNF:25
FNH:0
FNDA:0,(anonymous_0)
FNDA:0,(anonymous_1)
FNDA:0,(anonymous_2)
FNDA:0,(anonymous_3)
FNDA:0,(anonymous_4)
FNDA:0,(anonymous_5)
FNDA:0,(anonymous_6)
FNDA:0,(anonymous_7)
FNDA:0,(anonymous_8)
FNDA:0,(anonymous_9)
FNDA:0,(anonymous_10)
FNDA:0,(anonymous_11)
FNDA:0,(anonymous_12)
FNDA:0,(anonymous_13)
FNDA:0,(anonymous_14)
FNDA:0,(anonymous_15)
FNDA:0,(anonymous_16)
FNDA:0,(anonymous_17)
FNDA:0,(anonymous_18)
FNDA:0,(anonymous_19)
FNDA:0,(anonymous_20)
FNDA:0,(anonymous_21)
FNDA:0,(anonymous_22)
FNDA:0,(anonymous_23)
FNDA:0,(anonymous_24)
DA:27,0
DA:28,0
DA:29,0
DA:30,0
DA:31,0
DA:32,0
DA:34,0
DA:35,0
DA:38,0
DA:39,0
DA:40,0
DA:49,0
DA:50,0
DA:51,0
DA:52,0
DA:53,0
DA:54,0
DA:55,0
DA:58,0
DA:59,0
DA:60,0
DA:62,0
DA:90,0
DA:91,0
DA:93,0
DA:94,0
DA:98,0
DA:100,0
DA:104,0
DA:106,0
DA:111,0
DA:112,0
DA:113,0
DA:117,0
DA:118,0
DA:119,0
DA:120,0
DA:121,0
DA:123,0
DA:129,0
DA:130,0
DA:131,0
DA:132,0
DA:135,0
DA:137,0
DA:138,0
DA:144,0
DA:147,0
DA:149,0
DA:150,0
DA:156,0
DA:161,0
DA:170,0
DA:176,0
DA:177,0
DA:182,0
DA:185,0
DA:186,0
DA:187,0
DA:188,0
DA:189,0
DA:190,0
DA:191,0
DA:196,0
DA:197,0
DA:198,0
DA:199,0
DA:200,0
DA:202,0
DA:208,0
DA:243,0
DA:253,0
DA:254,0
DA:264,0
DA:267,0
DA:313,0
DA:324,0
LF:77
LH:0
BRDA:38,0,0,0
BRDA:38,0,1,0
BRDA:38,1,0,0
BRDA:38,1,1,0
BRDA:59,2,0,0
BRDA:59,2,1,0
BRDA:62,3,0,0
BRDA:62,3,1,0
BRDA:63,4,0,0
BRDA:63,4,1,0
BRDA:64,5,0,0
BRDA:64,5,1,0
BRDA:65,6,0,0
BRDA:65,6,1,0
BRDA:66,7,0,0
BRDA:66,7,1,0
BRDA:67,8,0,0
BRDA:67,8,1,0
BRDA:68,9,0,0
BRDA:68,9,1,0
BRDA:69,10,0,0
BRDA:69,10,1,0
BRDA:70,11,0,0
BRDA:70,11,1,0
BRDA:71,12,0,0
BRDA:71,12,1,0
BRDA:72,13,0,0
BRDA:72,13,1,0
BRDA:73,14,0,0
BRDA:73,14,1,0
BRDA:74,15,0,0
BRDA:74,15,1,0
BRDA:75,16,0,0
BRDA:75,16,1,0
BRDA:76,17,0,0
BRDA:76,17,1,0
BRDA:77,18,0,0
BRDA:77,18,1,0
BRDA:78,19,0,0
BRDA:78,19,1,0
BRDA:79,20,0,0
BRDA:79,20,1,0
BRDA:80,21,0,0
BRDA:80,21,1,0
BRDA:81,22,0,0
BRDA:81,22,1,0
BRDA:82,23,0,0
BRDA:82,23,1,0
BRDA:83,24,0,0
BRDA:83,24,1,0
BRDA:84,25,0,0
BRDA:84,25,1,0
BRDA:85,26,0,0
BRDA:85,26,1,0
BRDA:86,27,0,0
BRDA:86,27,1,0
BRDA:87,28,0,0
BRDA:87,28,1,0
BRDA:106,29,0,0
BRDA:106,29,1,0
BRDA:120,30,0,0
BRDA:120,30,1,0
BRDA:130,31,0,0
BRDA:130,31,1,0
BRDA:149,32,0,0
BRDA:149,32,1,0
BRDA:186,33,0,0
BRDA:186,33,1,0
BRDA:186,33,2,0
BRDA:186,33,3,0
BRDA:186,33,4,0
BRDA:206,34,0,0
BRDA:206,34,1,0
BRDA:214,35,0,0
BRDA:214,35,1,0
BRDA:220,36,0,0
BRDA:220,36,1,0
BRDA:225,37,0,0
BRDA:225,37,1,0
BRDA:240,38,0,0
BRDA:240,38,1,0
BRDA:241,39,0,0
BRDA:241,39,1,0
BRDA:256,40,0,0
BRDA:256,40,1,0
BRDA:259,41,0,0
BRDA:259,41,1,0
BRDA:269,42,0,0
BRDA:269,42,1,0
BRDA:286,43,0,0
BRDA:286,43,1,0
BRDA:297,44,0,0
BRDA:297,44,1,0
BRDA:304,45,0,0
BRDA:304,45,1,0
BRDA:304,46,0,0
BRDA:304,46,1,0
BRDA:313,47,0,0
BRDA:313,47,1,0
BRF:99
BRH:0
end_of_record
TN:
SF:src\screens\doctor\AlertDetailsScreen.js
FN:5,(anonymous_0)
FNF:1
FNH:0
FNDA:0,(anonymous_0)
DA:5,0
DA:6,0
DA:13,0
LF:3
LH:0
BRF:0
BRH:0
end_of_record
TN:
SF:src\screens\doctor\AlertsScreen.js
FN:33,(anonymous_0)
FN:39,(anonymous_1)
FN:40,(anonymous_2)
FN:58,(anonymous_3)
FN:493,(anonymous_4)
FN:501,(anonymous_5)
FN:507,(anonymous_6)
FN:542,(anonymous_7)
FN:574,(anonymous_8)
FN:581,(anonymous_9)
FN:586,(anonymous_10)
FN:591,(anonymous_11)
FN:596,(anonymous_12)
FN:603,(anonymous_13)
FN:615,(anonymous_14)
FN:626,(anonymous_15)
FN:636,(anonymous_16)
FN:647,(anonymous_17)
FN:657,(anonymous_18)
FN:676,(anonymous_19)
FN:692,(anonymous_20)
FN:700,(anonymous_21)
FN:704,(anonymous_22)
FN:711,(anonymous_23)
FN:714,(anonymous_24)
FN:715,(anonymous_25)
FN:716,(anonymous_26)
FN:717,(anonymous_27)
FN:718,(anonymous_28)
FN:719,(anonymous_29)
FN:720,(anonymous_30)
FN:726,(anonymous_31)
FN:729,(anonymous_32)
FN:730,(anonymous_33)
FN:755,(anonymous_34)
FN:758,(anonymous_35)
FN:759,(anonymous_36)
FN:785,(anonymous_37)
FN:795,(anonymous_38)
FN:801,(anonymous_39)
FN:806,(anonymous_40)
FN:813,(anonymous_41)
FN:822,(anonymous_42)
FN:826,(anonymous_43)
FN:828,(anonymous_44)
FN:830,(anonymous_45)
FN:842,(anonymous_46)
FN:879,(anonymous_47)
FN:890,(anonymous_48)
FN:934,(anonymous_49)
FN:974,(anonymous_50)
FN:994,(anonymous_51)
FN:1014,(anonymous_52)
FN:1021,(anonymous_53)
FN:1029,(anonymous_54)
FN:1046,(anonymous_55)
FN:1132,(anonymous_56)
FN:1137,(anonymous_57)
FN:1213,(anonymous_58)
FN:1235,(anonymous_59)
FN:1317,(anonymous_60)
FN:1323,(anonymous_61)
FN:1337,(anonymous_62)
FN:1351,(anonymous_63)
FN:1365,(anonymous_64)
FN:1383,(anonymous_65)
FN:1397,(anonymous_66)
FN:1411,(anonymous_67)
FN:1425,(anonymous_68)
FN:1439,(anonymous_69)
FN:1475,(anonymous_70)
FN:1484,(anonymous_71)
FN:1501,(anonymous_72)
FN:1510,(anonymous_73)
FNF:74
FNH:0
FNDA:0,(anonymous_0)
FNDA:0,(anonymous_1)
FNDA:0,(anonymous_2)
FNDA:0,(anonymous_3)
FNDA:0,(anonymous_4)
FNDA:0,(anonymous_5)
FNDA:0,(anonymous_6)
FNDA:0,(anonymous_7)
FNDA:0,(anonymous_8)
FNDA:0,(anonymous_9)
FNDA:0,(anonymous_10)
FNDA:0,(anonymous_11)
FNDA:0,(anonymous_12)
FNDA:0,(anonymous_13)
FNDA:0,(anonymous_14)
FNDA:0,(anonymous_15)
FNDA:0,(anonymous_16)
FNDA:0,(anonymous_17)
FNDA:0,(anonymous_18)
FNDA:0,(anonymous_19)
FNDA:0,(anonymous_20)
FNDA:0,(anonymous_21)
FNDA:0,(anonymous_22)
FNDA:0,(anonymous_23)
FNDA:0,(anonymous_24)
FNDA:0,(anonymous_25)
FNDA:0,(anonymous_26)
FNDA:0,(anonymous_27)
FNDA:0,(anonymous_28)
FNDA:0,(anonymous_29)
FNDA:0,(anonymous_30)
FNDA:0,(anonymous_31)
FNDA:0,(anonymous_32)
FNDA:0,(anonymous_33)
FNDA:0,(anonymous_34)
FNDA:0,(anonymous_35)
FNDA:0,(anonymous_36)
FNDA:0,(anonymous_37)
FNDA:0,(anonymous_38)
FNDA:0,(anonymous_39)
FNDA:0,(anonymous_40)
FNDA:0,(anonymous_41)
FNDA:0,(anonymous_42)
FNDA:0,(anonymous_43)
FNDA:0,(anonymous_44)
FNDA:0,(anonymous_45)
FNDA:0,(anonymous_46)
FNDA:0,(anonymous_47)
FNDA:0,(anonymous_48)
FNDA:0,(anonymous_49)
FNDA:0,(anonymous_50)
FNDA:0,(anonymous_51)
FNDA:0,(anonymous_52)
FNDA:0,(anonymous_53)
FNDA:0,(anonymous_54)
FNDA:0,(anonymous_55)
FNDA:0,(anonymous_56)
FNDA:0,(anonymous_57)
FNDA:0,(anonymous_58)
FNDA:0,(anonymous_59)
FNDA:0,(anonymous_60)
FNDA:0,(anonymous_61)
FNDA:0,(anonymous_62)
FNDA:0,(anonymous_63)
FNDA:0,(anonymous_64)
FNDA:0,(anonymous_65)
FNDA:0,(anonymous_66)
FNDA:0,(anonymous_67)
FNDA:0,(anonymous_68)
FNDA:0,(anonymous_69)
FNDA:0,(anonymous_70)
FNDA:0,(anonymous_71)
FNDA:0,(anonymous_72)
FNDA:0,(anonymous_73)
DA:33,0
DA:34,0
DA:35,0
DA:36,0
DA:39,0
DA:40,0
DA:41,0
DA:42,0
DA:43,0
DA:44,0
DA:45,0
DA:58,0
DA:59,0
DA:60,0
DA:61,0
DA:63,0
DA:66,0
DA:67,0
DA:68,0
DA:70,0
DA:71,0
DA:72,0
DA:74,0
DA:75,0
DA:76,0
DA:78,0
DA:79,0
DA:82,0
DA:83,0
DA:84,0
DA:89,0
DA:90,0
DA:91,0
DA:94,0
DA:100,0
DA:101,0
DA:104,0
DA:105,0
DA:109,0
DA:110,0
DA:114,0
DA:115,0
DA:122,0
DA:123,0
DA:124,0
DA:128,0
DA:129,0
DA:133,0
DA:134,0
DA:142,0
DA:148,0
DA:154,0
DA:155,0
DA:160,0
DA:163,0
DA:169,0
DA:175,0
DA:181,0
DA:187,0
DA:193,0
DA:199,0
DA:205,0
DA:211,0
DA:217,0
DA:223,0
DA:224,0
DA:228,0
DA:229,0
DA:233,0
DA:234,0
DA:239,0
DA:243,0
DA:244,0
DA:245,0
DA:247,0
DA:248,0
DA:249,0
DA:256,0
DA:257,0
DA:258,0
DA:263,0
DA:271,0
DA:272,0
DA:279,0
DA:280,0
DA:287,0
DA:493,0
DA:495,0
DA:496,0
DA:501,0
DA:502,0
DA:503,0
DA:507,0
DA:508,0
DA:509,0
DA:511,0
DA:512,0
DA:513,0
DA:514,0
DA:525,0
DA:526,0
DA:527,0
DA:529,0
DA:537,0
DA:538,0
DA:540,0
DA:542,0
DA:554,0
DA:555,0
DA:556,0
DA:561,0
DA:563,0
DA:566,0
DA:574,0
DA:575,0
DA:576,0
DA:577,0
DA:581,0
DA:582,0
DA:585,0
DA:586,0
DA:590,0
DA:591,0
DA:595,0
DA:596,0
DA:597,0
DA:603,0
DA:605,0
DA:606,0
DA:608,0
DA:615,0
DA:616,0
DA:617,0
DA:618,0
DA:619,0
DA:620,0
DA:621,0
DA:626,0
DA:627,0
DA:628,0
DA:629,0
DA:630,0
DA:631,0
DA:636,0
DA:637,0
DA:638,0
DA:639,0
DA:640,0
DA:641,0
DA:642,0
DA:647,0
DA:648,0
DA:649,0
DA:650,0
DA:651,0
DA:652,0
DA:657,0
DA:658,0
DA:659,0
DA:660,0
DA:661,0
DA:663,0
DA:664,0
DA:665,0
DA:666,0
DA:668,0
DA:669,0
DA:670,0
DA:671,0
DA:676,0
DA:677,0
DA:678,0
DA:679,0
DA:680,0
DA:682,0
DA:683,0
DA:684,0
DA:685,0
DA:687,0
DA:692,0
DA:693,0
DA:700,0
DA:704,0
DA:711,0
DA:712,0
DA:714,0
DA:715,0
DA:716,0
DA:717,0
DA:718,0
DA:719,0
DA:720,0
DA:723,0
DA:726,0
DA:729,0
DA:730,0
DA:731,0
DA:742,0
DA:749,0
DA:755,0
DA:758,0
DA:759,0
DA:760,0
DA:771,0
DA:778,0
DA:785,0
DA:786,0
DA:787,0
DA:790,0
DA:791,0
DA:792,0
DA:795,0
DA:796,0
DA:798,0
DA:801,0
DA:802,0
DA:804,0
DA:806,0
DA:807,0
DA:809,0
DA:813,0
DA:814,0
DA:816,0
DA:818,0
DA:822,0
DA:823,0
DA:825,0
DA:826,0
DA:828,0
DA:830,0
DA:833,0
DA:837,0
DA:839,0
DA:841,0
DA:842,0
DA:843,0
DA:844,0
DA:845,0
DA:851,0
DA:852,0
DA:853,0
DA:854,0
DA:855,0
DA:860,0
DA:861,0
DA:862,0
DA:863,0
DA:868,0
DA:869,0
DA:870,0
DA:871,0
DA:878,0
DA:879,0
DA:890,0
DA:891,0
DA:912,0
DA:913,0
DA:915,0
DA:934,0
DA:935,0
DA:936,0
DA:952,0
DA:953,0
DA:970,0
DA:974,0
DA:975,0
DA:994,0
DA:995,0
DA:1014,0
DA:1015,0
DA:1016,0
DA:1020,0
DA:1021,0
DA:1022,0
DA:1023,0
DA:1028,0
DA:1029,0
DA:1030,0
DA:1031,0
DA:1036,0
DA:1042,0
DA:1046,0
DA:1047,0
DA:1048,0
DA:1049,0
DA:1050,0
DA:1051,0
DA:1054,0
DA:1058,0
DA:1060,0
DA:1067,0
DA:1071,0
DA:1074,0
DA:1076,0
DA:1077,0
DA:1081,0
DA:1082,0
DA:1083,0
DA:1084,0
DA:1086,0
DA:1087,0
DA:1088,0
DA:1090,0
DA:1094,0
DA:1095,0
DA:1096,0
DA:1099,0
DA:1100,0
DA:1102,0
DA:1103,0
DA:1105,0
DA:1108,0
DA:1120,0
DA:1124,0
DA:1126,0
DA:1127,0
DA:1132,0
DA:1134,0
DA:1136,0
DA:1137,0
DA:1213,0
DA:1235,0
DA:1236,0
DA:1243,0
DA:1249,0
DA:1317,0
DA:1318,0
DA:1323,0
DA:1337,0
DA:1351,0
DA:1365,0
DA:1383,0
DA:1397,0
DA:1411,0
DA:1425,0
DA:1439,0
DA:1455,0
DA:1456,0
DA:1466,0
DA:1468,0
DA:1475,0
DA:1484,0
DA:1502,0
DA:1503,0
DA:1505,0
DA:1506,0
DA:1508,0
DA:1511,0
DA:1536,0
LF:349
LH:0
BRDA:59,0,0,0
BRDA:59,0,1,0
BRDA:60,1,0,0
BRDA:60,1,1,0
BRDA:61,2,0,0
BRDA:61,2,1,0
BRDA:66,3,0,0
BRDA:66,3,1,0
BRDA:66,4,0,0
BRDA:66,4,1,0
BRDA:72,5,0,0
BRDA:72,5,1,0
BRDA:76,6,0,0
BRDA:76,6,1,0
BRDA:82,7,0,0
BRDA:82,7,1,0
BRDA:82,8,0,0
BRDA:82,8,1,0
BRDA:101,9,0,0
BRDA:101,9,1,0
BRDA:101,9,2,0
BRDA:101,9,3,0
BRDA:101,9,4,0
BRDA:101,9,5,0
BRDA:101,9,6,0
BRDA:101,9,7,0
BRDA:101,9,8,0
BRDA:101,9,9,0
BRDA:101,9,10,0
BRDA:101,9,11,0
BRDA:101,9,12,0
BRDA:101,9,13,0
BRDA:101,9,14,0
BRDA:104,10,0,0
BRDA:104,10,1,0
BRDA:104,11,0,0
BRDA:104,11,1,0
BRDA:109,12,0,0
BRDA:109,12,1,0
BRDA:109,13,0,0
BRDA:109,13,1,0
BRDA:114,14,0,0
BRDA:114,14,1,0
BRDA:114,15,0,0
BRDA:114,15,1,0
BRDA:117,16,0,0
BRDA:117,16,1,0
BRDA:122,17,0,0
BRDA:122,17,1,0
BRDA:122,18,0,0
BRDA:122,18,1,0
BRDA:123,19,0,0
BRDA:123,19,1,0
BRDA:126,20,0,0
BRDA:126,20,1,0
BRDA:128,21,0,0
BRDA:128,21,1,0
BRDA:131,22,0,0
BRDA:131,22,1,0
BRDA:133,23,0,0
BRDA:133,23,1,0
BRDA:144,24,0,0
BRDA:144,24,1,0
BRDA:154,25,0,0
BRDA:154,25,1,0
BRDA:154,26,0,0
BRDA:154,26,1,0
BRDA:165,27,0,0
BRDA:165,27,1,0
BRDA:171,28,0,0
BRDA:171,28,1,0
BRDA:177,29,0,0
BRDA:177,29,1,0
BRDA:223,30,0,0
BRDA:223,30,1,0
BRDA:223,31,0,0
BRDA:223,31,1,0
BRDA:228,32,0,0
BRDA:228,32,1,0
BRDA:228,33,0,0
BRDA:228,33,1,0
BRDA:233,34,0,0
BRDA:233,34,1,0
BRDA:233,35,0,0
BRDA:233,35,1,0
BRDA:243,36,0,0
BRDA:243,36,1,0
BRDA:243,37,0,0
BRDA:243,37,1,0
BRDA:252,38,0,0
BRDA:252,38,1,0
BRDA:256,39,0,0
BRDA:256,39,1,0
BRDA:256,40,0,0
BRDA:256,40,1,0
BRDA:495,41,0,0
BRDA:495,41,1,0
BRDA:495,42,0,0
BRDA:495,42,1,0
BRDA:502,43,0,0
BRDA:502,43,1,0
BRDA:502,44,0,0
BRDA:502,44,1,0
BRDA:511,45,0,0
BRDA:511,45,1,0
BRDA:511,46,0,0
BRDA:511,46,1,0
BRDA:511,46,2,0
BRDA:525,47,0,0
BRDA:525,47,1,0
BRDA:526,48,0,0
BRDA:526,48,1,0
BRDA:537,49,0,0
BRDA:537,49,1,0
BRDA:540,50,0,0
BRDA:540,50,1,0
BRDA:540,51,0,0
BRDA:540,51,1,0
BRDA:585,52,0,0
BRDA:585,52,1,0
BRDA:590,53,0,0
BRDA:590,53,1,0
BRDA:595,54,0,0
BRDA:595,54,1,0
BRDA:597,55,0,0
BRDA:597,55,1,0
BRDA:597,55,2,0
BRDA:608,56,0,0
BRDA:608,56,1,0
BRDA:608,56,2,0
BRDA:616,57,0,0
BRDA:616,57,1,0
BRDA:616,57,2,0
BRDA:616,57,3,0
BRDA:616,57,4,0
BRDA:627,58,0,0
BRDA:627,58,1,0
BRDA:627,58,2,0
BRDA:627,58,3,0
BRDA:637,59,0,0
BRDA:637,59,1,0
BRDA:637,59,2,0
BRDA:637,59,3,0
BRDA:637,59,4,0
BRDA:648,60,0,0
BRDA:648,60,1,0
BRDA:648,60,2,0
BRDA:648,60,3,0
BRDA:658,61,0,0
BRDA:658,61,1,0
BRDA:658,61,2,0
BRDA:658,61,3,0
BRDA:658,61,4,0
BRDA:658,61,5,0
BRDA:658,61,6,0
BRDA:658,61,7,0
BRDA:658,61,8,0
BRDA:658,61,9,0
BRDA:658,61,10,0
BRDA:682,62,0,0
BRDA:682,62,1,0
BRDA:684,63,0,0
BRDA:684,63,1,0
BRDA:731,64,0,0
BRDA:731,64,1,0
BRDA:760,65,0,0
BRDA:760,65,1,0
BRDA:786,66,0,0
BRDA:786,66,1,0
BRDA:786,67,0,0
BRDA:786,67,1,0
BRDA:798,68,0,0
BRDA:798,68,1,0
BRDA:804,69,0,0
BRDA:804,69,1,0
BRDA:809,70,0,0
BRDA:809,70,1,0
BRDA:816,71,0,0
BRDA:816,71,1,0
BRDA:823,72,0,0
BRDA:823,72,1,0
BRDA:823,73,0,0
BRDA:823,73,1,0
BRDA:833,74,0,0
BRDA:833,74,1,0
BRDA:837,75,0,0
BRDA:837,75,1,0
BRDA:837,75,2,0
BRDA:839,76,0,0
BRDA:839,76,1,0
BRDA:841,77,0,0
BRDA:841,77,1,0
BRDA:841,78,0,0
BRDA:841,78,1,0
BRDA:844,79,0,0
BRDA:844,79,1,0
BRDA:852,80,0,0
BRDA:852,80,1,0
BRDA:852,81,0,0
BRDA:852,81,1,0
BRDA:854,82,0,0
BRDA:854,82,1,0
BRDA:860,83,0,0
BRDA:860,83,1,0
BRDA:862,84,0,0
BRDA:862,84,1,0
BRDA:868,85,0,0
BRDA:868,85,1,0
BRDA:870,86,0,0
BRDA:870,86,1,0
BRDA:878,87,0,0
BRDA:878,87,1,0
BRDA:913,88,0,0
BRDA:913,88,1,0
BRDA:935,89,0,0
BRDA:935,89,1,0
BRDA:952,90,0,0
BRDA:952,90,1,0
BRDA:1015,91,0,0
BRDA:1015,91,1,0
BRDA:1020,92,0,0
BRDA:1020,92,1,0
BRDA:1020,93,0,0
BRDA:1020,93,1,0
BRDA:1022,94,0,0
BRDA:1022,94,1,0
BRDA:1028,95,0,0
BRDA:1028,95,1,0
BRDA:1028,96,0,0
BRDA:1028,96,1,0
BRDA:1030,97,0,0
BRDA:1030,97,1,0
BRDA:1048,98,0,0
BRDA:1048,98,1,0
BRDA:1049,99,0,0
BRDA:1049,99,1,0
BRDA:1049,99,2,0
BRDA:1049,99,3,0
BRDA:1050,100,0,0
BRDA:1050,100,1,0
BRDA:1050,100,2,0
BRDA:1050,100,3,0
BRDA:1050,100,4,0
BRDA:1051,101,0,0
BRDA:1051,101,1,0
BRDA:1051,101,2,0
BRDA:1058,102,0,0
BRDA:1058,102,1,0
BRDA:1058,103,0,0
BRDA:1058,103,1,0
BRDA:1060,104,0,0
BRDA:1060,104,1,0
BRDA:1074,105,0,0
BRDA:1074,105,1,0
BRDA:1076,106,0,0
BRDA:1076,106,1,0
BRDA:1077,107,0,0
BRDA:1077,107,1,0
BRDA:1086,108,0,0
BRDA:1086,108,1,0
BRDA:1094,109,0,0
BRDA:1094,109,1,0
BRDA:1099,110,0,0
BRDA:1099,110,1,0
BRDA:1099,110,2,0
BRDA:1188,111,0,0
BRDA:1188,111,1,0
BRDA:1192,112,0,0
BRDA:1192,112,1,0
BRDA:1197,113,0,0
BRDA:1197,113,1,0
BRDA:1209,114,0,0
BRDA:1209,114,1,0
BRDA:1222,115,0,0
BRDA:1222,115,1,0
BRDA:1222,115,2,0
BRDA:1326,116,0,0
BRDA:1326,116,1,0
BRDA:1330,117,0,0
BRDA:1330,117,1,0
BRDA:1340,118,0,0
BRDA:1340,118,1,0
BRDA:1344,119,0,0
BRDA:1344,119,1,0
BRDA:1354,120,0,0
BRDA:1354,120,1,0
BRDA:1358,121,0,0
BRDA:1358,121,1,0
BRDA:1368,122,0,0
BRDA:1368,122,1,0
BRDA:1372,123,0,0
BRDA:1372,123,1,0
BRDA:1386,124,0,0
BRDA:1386,124,1,0
BRDA:1390,125,0,0
BRDA:1390,125,1,0
BRDA:1400,126,0,0
BRDA:1400,126,1,0
BRDA:1404,127,0,0
BRDA:1404,127,1,0
BRDA:1414,128,0,0
BRDA:1414,128,1,0
BRDA:1418,129,0,0
BRDA:1418,129,1,0
BRDA:1428,130,0,0
BRDA:1428,130,1,0
BRDA:1432,131,0,0
BRDA:1432,131,1,0
BRDA:1442,132,0,0
BRDA:1442,132,1,0
BRDA:1446,133,0,0
BRDA:1446,133,1,0
BRDA:1455,134,0,0
BRDA:1455,134,1,0
BRDA:1477,135,0,0
BRDA:1477,135,1,0
BRDA:1484,136,0,0
BRDA:1484,136,1,0
BRDA:1497,137,0,0
BRDA:1497,137,1,0
BRDA:1502,138,0,0
BRDA:1502,138,1,0
BRDA:1505,139,0,0
BRDA:1505,139,1,0
BRDA:1511,140,0,0
BRDA:1511,140,1,0
BRDA:1519,141,0,0
BRDA:1519,141,1,0
BRF:328
BRH:0
end_of_record
TN:
SF:src\screens\doctor\ChatScreen.js
FNF:0
FNH:0
LF:0
LH:0
BRF:0
BRH:0
end_of_record
TN:
SF:src\screens\doctor\DashboardScreen.js
FN:26,(anonymous_0)
FN:34,(anonymous_1)
FN:35,(anonymous_2)
FN:38,(anonymous_3)
FN:42,(anonymous_4)
FN:65,(anonymous_5)
FN:71,(anonymous_6)
FN:74,(anonymous_7)
FN:83,(anonymous_8)
FN:89,(anonymous_9)
FN:111,(anonymous_10)
FN:123,(anonymous_11)
FN:143,(anonymous_12)
FN:162,(anonymous_13)
FN:164,(anonymous_14)
FN:174,(anonymous_15)
FN:183,(anonymous_16)
FN:187,(anonymous_17)
FN:192,(anonymous_18)
FN:223,(anonymous_19)
FN:229,(anonymous_20)
FN:238,(anonymous_21)
FN:274,(anonymous_22)
FN:281,(anonymous_23)
FN:288,(anonymous_24)
FN:303,(anonymous_25)
FNF:26
FNH:0
FNDA:0,(anonymous_0)
FNDA:0,(anonymous_1)
FNDA:0,(anonymous_2)
FNDA:0,(anonymous_3)
FNDA:0,(anonymous_4)
FNDA:0,(anonymous_5)
FNDA:0,(anonymous_6)
FNDA:0,(anonymous_7)
FNDA:0,(anonymous_8)
FNDA:0,(anonymous_9)
FNDA:0,(anonymous_10)
FNDA:0,(anonymous_11)
FNDA:0,(anonymous_12)
FNDA:0,(anonymous_13)
FNDA:0,(anonymous_14)
FNDA:0,(anonymous_15)
FNDA:0,(anonymous_16)
FNDA:0,(anonymous_17)
FNDA:0,(anonymous_18)
FNDA:0,(anonymous_19)
FNDA:0,(anonymous_20)
FNDA:0,(anonymous_21)
FNDA:0,(anonymous_22)
FNDA:0,(anonymous_23)
FNDA:0,(anonymous_24)
FNDA:0,(anonymous_25)
DA:26,0
DA:27,0
DA:28,0
DA:29,0
DA:30,0
DA:31,0
DA:34,0
DA:35,0
DA:38,0
DA:39,0
DA:42,0
DA:43,0
DA:44,0
DA:47,0
DA:48,0
DA:49,0
DA:50,0
DA:53,0
DA:55,0
DA:56,0
DA:65,0
DA:66,0
DA:68,0
DA:71,0
DA:72,0
DA:74,0
DA:75,0
DA:79,0
DA:80,0
DA:83,0
DA:84,0
DA:86,0
DA:89,0
DA:90,0
DA:92,0
DA:95,0
DA:96,0
DA:98,0
DA:106,0
DA:108,0
DA:112,0
DA:123,0
DA:124,0
DA:125,0
DA:134,0
DA:143,0
DA:144,0
DA:145,0
DA:146,0
DA:148,0
DA:152,0
DA:162,0
DA:164,0
DA:174,0
DA:183,0
DA:184,0
DA:187,0
DA:189,0
DA:192,0
DA:193,0
DA:194,0
DA:196,0
DA:197,0
DA:198,0
DA:199,0
DA:203,0
DA:204,0
DA:206,0
DA:207,0
DA:212,0
DA:215,0
DA:216,0
DA:219,0
DA:223,0
DA:224,0
DA:225,0
DA:226,0
DA:229,0
DA:230,0
DA:231,0
DA:232,0
DA:233,0
DA:234,0
DA:238,0
DA:240,0
DA:241,0
DA:251,0
DA:274,0
DA:281,0
DA:288,0
DA:303,0
DA:406,0
LF:92
LH:0
BRDA:39,0,0,0
BRDA:39,0,1,0
BRDA:47,1,0,0
BRDA:47,1,1,0
BRDA:47,1,2,0
BRDA:55,2,0,0
BRDA:55,2,1,0
BRDA:55,3,0,0
BRDA:55,3,1,0
BRDA:66,4,0,0
BRDA:66,4,1,0
BRDA:84,5,0,0
BRDA:84,5,1,0
BRDA:92,6,0,0
BRDA:92,6,1,0
BRDA:111,7,0,0
BRDA:111,7,1,0
BRDA:112,8,0,0
BRDA:112,8,1,0
BRDA:124,9,0,0
BRDA:124,9,1,0
BRDA:124,10,0,0
BRDA:124,10,1,0
BRDA:145,11,0,0
BRDA:145,11,1,0
BRDA:196,12,0,0
BRDA:196,12,1,0
BRDA:196,13,0,0
BRDA:196,13,1,0
BRDA:196,13,2,0
BRDA:206,14,0,0
BRDA:206,14,1,0
BRDA:230,15,0,0
BRDA:230,15,1,0
BRDA:230,15,2,0
BRDA:230,15,3,0
BRDA:240,16,0,0
BRDA:240,16,1,0
BRDA:240,17,0,0
BRDA:240,17,1,0
BRF:40
BRH:0
end_of_record
TN:
SF:src\screens\doctor\DiseaseDistributionScreen.js
FN:35,(anonymous_0)
FN:38,(anonymous_1)
FN:78,(anonymous_2)
FN:82,(anonymous_3)
FN:88,(anonymous_4)
FN:101,(anonymous_5)
FN:132,(anonymous_6)
FN:138,(anonymous_7)
FN:143,(anonymous_8)
FN:158,(anonymous_9)
FN:159,(anonymous_10)
FN:182,(anonymous_11)
FN:184,(anonymous_12)
FN:194,(anonymous_13)
FN:196,(anonymous_14)
FN:207,(anonymous_15)
FN:209,(anonymous_16)
FN:218,(anonymous_17)
FN:224,(anonymous_18)
FN:228,(anonymous_19)
FN:236,(anonymous_20)
FN:244,(anonymous_21)
FN:253,(anonymous_22)
FN:254,(anonymous_23)
FN:266,(anonymous_24)
FN:267,(anonymous_25)
FN:278,(anonymous_26)
FN:279,(anonymous_27)
FN:287,(anonymous_28)
FN:292,(anonymous_29)
FN:314,(anonymous_30)
FN:346,(anonymous_31)
FN:389,(anonymous_32)
FN:390,(anonymous_33)
FN:399,(anonymous_34)
FN:403,(anonymous_35)
FN:451,(anonymous_36)
FN:456,(anonymous_37)
FN:461,(anonymous_38)
FN:465,(anonymous_39)
FN:466,(anonymous_40)
FNF:41
FNH:0
FNDA:0,(anonymous_0)
FNDA:0,(anonymous_1)
FNDA:0,(anonymous_2)
FNDA:0,(anonymous_3)
FNDA:0,(anonymous_4)
FNDA:0,(anonymous_5)
FNDA:0,(anonymous_6)
FNDA:0,(anonymous_7)
FNDA:0,(anonymous_8)
FNDA:0,(anonymous_9)
FNDA:0,(anonymous_10)
FNDA:0,(anonymous_11)
FNDA:0,(anonymous_12)
FNDA:0,(anonymous_13)
FNDA:0,(anonymous_14)
FNDA:0,(anonymous_15)
FNDA:0,(anonymous_16)
FNDA:0,(anonymous_17)
FNDA:0,(anonymous_18)
FNDA:0,(anonymous_19)
FNDA:0,(anonymous_20)
FNDA:0,(anonymous_21)
FNDA:0,(anonymous_22)
FNDA:0,(anonymous_23)
FNDA:0,(anonymous_24)
FNDA:0,(anonymous_25)
FNDA:0,(anonymous_26)
FNDA:0,(anonymous_27)
FNDA:0,(anonymous_28)
FNDA:0,(anonymous_29)
FNDA:0,(anonymous_30)
FNDA:0,(anonymous_31)
FNDA:0,(anonymous_32)
FNDA:0,(anonymous_33)
FNDA:0,(anonymous_34)
FNDA:0,(anonymous_35)
FNDA:0,(anonymous_36)
FNDA:0,(anonymous_37)
FNDA:0,(anonymous_38)
FNDA:0,(anonymous_39)
FNDA:0,(anonymous_40)
DA:33,0
DA:35,0
DA:36,0
DA:37,0
DA:38,0
DA:40,0
DA:41,0
DA:42,0
DA:43,0
DA:44,0
DA:45,0
DA:46,0
DA:53,0
DA:78,0
DA:79,0
DA:82,0
DA:83,0
DA:84,0
DA:88,0
DA:89,0
DA:90,0
DA:92,0
DA:94,0
DA:96,0
DA:101,0
DA:102,0
DA:103,0
DA:108,0
DA:111,0
DA:112,0
DA:113,0
DA:129,0
DA:132,0
DA:133,0
DA:135,0
DA:136,0
DA:138,0
DA:139,0
DA:140,0
DA:141,0
DA:143,0
DA:144,0
DA:157,0
DA:158,0
DA:159,0
DA:174,0
DA:182,0
DA:183,0
DA:184,0
DA:185,0
DA:186,0
DA:187,0
DA:190,0
DA:194,0
DA:195,0
DA:196,0
DA:197,0
DA:198,0
DA:199,0
DA:200,0
DA:201,0
DA:203,0
DA:207,0
DA:208,0
DA:209,0
DA:210,0
DA:211,0
DA:212,0
DA:215,0
DA:218,0
DA:219,0
DA:220,0
DA:221,0
DA:224,0
DA:225,0
DA:228,0
DA:236,0
DA:244,0
DA:253,0
DA:254,0
DA:260,0
DA:262,0
DA:267,0
DA:268,0
DA:273,0
DA:279,0
DA:280,0
DA:286,0
DA:287,0
DA:292,0
DA:297,0
DA:310,0
DA:314,0
DA:315,0
DA:317,0
DA:323,0
DA:330,0
DA:335,0
DA:346,0
DA:389,0
DA:390,0
DA:391,0
DA:394,0
DA:400,0
DA:403,0
DA:434,0
DA:435,0
DA:445,0
DA:451,0
DA:456,0
DA:461,0
DA:539,0
LF:112
LH:0
BRDA:83,0,0,0
BRDA:83,0,1,0
BRDA:83,1,0,0
BRDA:83,1,1,0
BRDA:102,2,0,0
BRDA:102,2,1,0
BRDA:102,3,0,0
BRDA:102,3,1,0
BRDA:135,4,0,0
BRDA:135,4,1,0
BRDA:135,5,0,0
BRDA:135,5,1,0
BRDA:135,5,2,0
BRDA:139,6,0,0
BRDA:139,6,1,0
BRDA:146,7,0,0
BRDA:146,7,1,0
BRDA:149,8,0,0
BRDA:149,8,1,0
BRDA:185,9,0,0
BRDA:185,9,1,0
BRDA:186,10,0,0
BRDA:186,10,1,0
BRDA:197,11,0,0
BRDA:197,11,1,0
BRDA:198,12,0,0
BRDA:198,12,1,0
BRDA:198,13,0,0
BRDA:198,13,1,0
BRDA:199,14,0,0
BRDA:199,14,1,0
BRDA:199,15,0,0
BRDA:199,15,1,0
BRDA:200,16,0,0
BRDA:200,16,1,0
BRDA:200,17,0,0
BRDA:200,17,1,0
BRDA:201,18,0,0
BRDA:201,18,1,0
BRDA:210,19,0,0
BRDA:210,19,1,0
BRDA:211,20,0,0
BRDA:211,20,1,0
BRDA:260,21,0,0
BRDA:260,21,1,0
BRDA:260,21,2,0
BRDA:260,21,3,0
BRDA:286,22,0,0
BRDA:286,22,1,0
BRDA:291,23,0,0
BRDA:291,23,1,0
BRDA:302,24,0,0
BRDA:302,24,1,0
BRDA:304,25,0,0
BRDA:304,25,1,0
BRDA:306,26,0,0
BRDA:306,26,1,0
BRDA:315,27,0,0
BRDA:315,27,1,0
BRDA:369,28,0,0
BRDA:369,28,1,0
BRDA:375,29,0,0
BRDA:375,29,1,0
BRDA:381,30,0,0
BRDA:381,30,1,0
BRDA:410,31,0,0
BRDA:410,31,1,0
BRDA:421,32,0,0
BRDA:421,32,1,0
BRDA:422,33,0,0
BRDA:422,33,1,0
BRDA:434,34,0,0
BRDA:434,34,1,0
BRDA:492,35,0,0
BRDA:492,35,1,0
BRDA:512,36,0,0
BRDA:512,36,1,0
BRDA:514,37,0,0
BRDA:514,37,1,0
BRDA:519,38,0,0
BRDA:519,38,1,0
BRDA:522,39,0,0
BRDA:522,39,1,0
BRDA:533,40,0,0
BRDA:533,40,1,0
BRF:85
BRH:0
end_of_record
TN:
SF:src\screens\doctor\DoctorMessagesScreen.js
FN:6,(anonymous_0)
FNF:1
FNH:0
FNDA:0,(anonymous_0)
DA:6,0
DA:7,0
DA:21,0
LF:3
LH:0
BRF:0
BRH:0
end_of_record
TN:
SF:src\screens\doctor\DoctorProfileScreen.js
FN:4,(anonymous_0)
FNF:1
FNH:0
FNDA:0,(anonymous_0)
DA:4,0
DA:5,0
LF:2
LH:0
BRF:0
BRH:0
end_of_record
TN:
SF:src\screens\doctor\EditPatientScreen.js
FN:25,(anonymous_0)
FN:74,(anonymous_1)
FN:108,(anonymous_2)
FN:109,(anonymous_3)
FN:115,(anonymous_4)
FN:123,(anonymous_5)
FN:124,(anonymous_6)
FN:133,(anonymous_7)
FN:139,(anonymous_8)
FN:153,(anonymous_9)
FN:166,(anonymous_10)
FN:198,(anonymous_11)
FN:221,(anonymous_12)
FN:235,(anonymous_13)
FN:241,(anonymous_14)
FN:252,(anonymous_15)
FN:263,(anonymous_16)
FN:271,(anonymous_17)
FN:284,(anonymous_18)
FN:295,(anonymous_19)
FN:308,(anonymous_20)
FN:314,(anonymous_21)
FN:324,(anonymous_22)
FN:338,(anonymous_23)
FN:345,(anonymous_24)
FN:355,(anonymous_25)
FN:372,(anonymous_26)
FN:383,(anonymous_27)
FN:389,(anonymous_28)
FN:399,(anonymous_29)
FNF:30
FNH:0
FNDA:0,(anonymous_0)
FNDA:0,(anonymous_1)
FNDA:0,(anonymous_2)
FNDA:0,(anonymous_3)
FNDA:0,(anonymous_4)
FNDA:0,(anonymous_5)
FNDA:0,(anonymous_6)
FNDA:0,(anonymous_7)
FNDA:0,(anonymous_8)
FNDA:0,(anonymous_9)
FNDA:0,(anonymous_10)
FNDA:0,(anonymous_11)
FNDA:0,(anonymous_12)
FNDA:0,(anonymous_13)
FNDA:0,(anonymous_14)
FNDA:0,(anonymous_15)
FNDA:0,(anonymous_16)
FNDA:0,(anonymous_17)
FNDA:0,(anonymous_18)
FNDA:0,(anonymous_19)
FNDA:0,(anonymous_20)
FNDA:0,(anonymous_21)
FNDA:0,(anonymous_22)
FNDA:0,(anonymous_23)
FNDA:0,(anonymous_24)
FNDA:0,(anonymous_25)
FNDA:0,(anonymous_26)
FNDA:0,(anonymous_27)
FNDA:0,(anonymous_28)
FNDA:0,(anonymous_29)
DA:25,0
DA:26,0
DA:27,0
DA:28,0
DA:29,0
DA:32,0
DA:47,0
DA:74,0
DA:75,0
DA:77,0
DA:78,0
DA:81,0
DA:82,0
DA:83,0
DA:84,0
DA:87,0
DA:88,0
DA:91,0
DA:92,0
DA:95,0
DA:96,0
DA:99,0
DA:100,0
DA:103,0
DA:104,0
DA:108,0
DA:109,0
DA:114,0
DA:115,0
DA:123,0
DA:124,0
DA:125,0
DA:127,0
DA:133,0
DA:135,0
DA:137,0
DA:139,0
DA:143,0
DA:153,0
DA:154,0
DA:155,0
DA:156,0
DA:159,0
DA:160,0
DA:163,0
DA:164,0
DA:166,0
DA:169,0
DA:173,0
DA:175,0
DA:182,0
DA:184,0
DA:186,0
DA:192,0
DA:199,0
DA:200,0
DA:202,0
DA:208,0
DA:211,0
DA:212,0
DA:214,0
DA:218,0
DA:221,0
DA:235,0
DA:241,0
DA:252,0
DA:263,0
DA:271,0
DA:284,0
DA:295,0
DA:308,0
DA:314,0
DA:324,0
DA:338,0
DA:345,0
DA:355,0
DA:372,0
DA:383,0
DA:390,0
DA:399,0
DA:431,0
LF:81
LH:0
BRDA:26,0,0,0
BRDA:26,0,1,0
BRDA:33,1,0,0
BRDA:33,1,1,0
BRDA:34,2,0,0
BRDA:34,2,1,0
BRDA:35,3,0,0
BRDA:35,3,1,0
BRDA:36,4,0,0
BRDA:36,4,1,0
BRDA:37,5,0,0
BRDA:37,5,1,0
BRDA:38,6,0,0
BRDA:38,6,1,0
BRDA:39,7,0,0
BRDA:39,7,1,0
BRDA:40,8,0,0
BRDA:40,8,1,0
BRDA:41,9,0,0
BRDA:41,9,1,0
BRDA:42,10,0,0
BRDA:42,10,1,0
BRDA:43,11,0,0
BRDA:43,11,1,0
BRDA:43,12,0,0
BRDA:43,12,1,0
BRDA:77,13,0,0
BRDA:77,13,1,0
BRDA:81,14,0,0
BRDA:81,14,1,0
BRDA:83,15,0,0
BRDA:83,15,1,0
BRDA:87,16,0,0
BRDA:87,16,1,0
BRDA:91,17,0,0
BRDA:91,17,1,0
BRDA:95,18,0,0
BRDA:95,18,1,0
BRDA:95,19,0,0
BRDA:95,19,1,0
BRDA:95,19,2,0
BRDA:99,20,0,0
BRDA:99,20,1,0
BRDA:99,21,0,0
BRDA:99,21,1,0
BRDA:99,21,2,0
BRDA:114,22,0,0
BRDA:114,22,1,0
BRDA:125,23,0,0
BRDA:125,23,1,0
BRDA:129,24,0,0
BRDA:129,24,1,0
BRDA:135,25,0,0
BRDA:135,25,1,0
BRDA:154,26,0,0
BRDA:154,26,1,0
BRDA:163,27,0,0
BRDA:163,27,1,0
BRDA:178,28,0,0
BRDA:178,28,1,0
BRDA:184,29,0,0
BRDA:184,29,1,0
BRDA:199,30,0,0
BRDA:199,30,1,0
BRDA:199,31,0,0
BRDA:199,31,1,0
BRDA:208,32,0,0
BRDA:208,32,1,0
BRDA:212,33,0,0
BRDA:212,33,1,0
BRDA:246,34,0,0
BRDA:246,34,1,0
BRDA:262,35,0,0
BRDA:262,35,1,0
BRDA:265,36,0,0
BRDA:265,36,1,0
BRDA:270,37,0,0
BRDA:270,37,1,0
BRDA:273,38,0,0
BRDA:273,38,1,0
BRDA:290,39,0,0
BRDA:290,39,1,0
BRDA:319,40,0,0
BRDA:319,40,1,0
BRDA:330,41,0,0
BRDA:330,41,1,0
BRDA:363,42,0,0
BRDA:363,42,1,0
BRDA:363,42,2,0
BRDA:365,43,0,0
BRDA:365,43,1,0
BRDA:394,44,0,0
BRDA:394,44,1,0
BRDA:398,45,0,0
BRDA:398,45,1,0
BRDA:400,46,0,0
BRDA:400,46,1,0
BRDA:405,47,0,0
BRDA:405,47,1,0
BRDA:423,48,0,0
BRDA:423,48,1,0
BRF:101
BRH:0
end_of_record
TN:
SF:src\screens\doctor\MedicalInfoScreen.js
FN:15,(anonymous_0)
FN:17,(anonymous_1)
FN:31,(anonymous_2)
FN:54,(anonymous_3)
FN:70,(anonymous_4)
FN:97,(anonymous_5)
[...]
FNDA:0,(anonymous_32)
FNDA:0,(anonymous_33)
FNDA:0,(anonymous_34)
FNDA:0,(anonymous_35)
FNDA:0,(anonymous_36)
FNDA:0,(anonymous_37)
FNDA:0,(anonymous_38)
FNDA:0,(anonymous_39)
FNDA:0,(anonymous_40)
FNDA:0,(anonymous_41)
FNDA:0,(anonymous_42)
FNDA:0,(anonymous_43)
FNDA:0,(anonymous_44)
FNDA:0,(anonymous_45)
FNDA:0,(anonymous_46)
FNDA:0,(anonymous_47)
FNDA:0,(anonymous_48)
FNDA:0,(anonymous_49)
FNDA:0,(anonymous_50)
FNDA:0,(anonymous_51)
FNDA:0,(anonymous_52)
DA:6,0
DA:9,0
DA:10,0
DA:11,0
DA:13,0
DA:18,0
DA:21,0
DA:22,0
DA:23,0
DA:25,0
DA:30,0
DA:33,0
DA:34,0
DA:35,0
DA:37,0
DA:42,0
DA:45,0
DA:46,0
DA:51,0
DA:53,0
DA:58,0
DA:61,0
DA:62,0
DA:66,0
DA:68,0
DA:73,0
DA:76,0
DA:77,0
DA:78,0
DA:80,0
DA:85,0
DA:88,0
DA:89,0
DA:90,0
DA:92,0
DA:97,0
DA:140,0
DA:146,0
DA:147,0
DA:148,0
DA:149,0
DA:154,0
DA:155,0
DA:156,0
DA:157,0
DA:158,0
DA:159,0
DA:166,0
DA:174,0
DA:179,0
DA:181,0
DA:182,0
DA:185,0
DA:186,0
DA:189,0
DA:190,0
DA:194,0
DA:196,0
DA:197,0
DA:200,0
DA:201,0
DA:204,0
DA:205,0
DA:209,0
DA:211,0
DA:212,0
DA:215,0
DA:216,0
DA:218,0
DA:221,0
DA:226,0
DA:227,0
DA:230,0
DA:231,0
DA:235,0
DA:237,0
DA:240,0
DA:242,0
DA:243,0
DA:244,0
DA:245,0
DA:246,0
DA:250,0
DA:254,0
DA:256,0
DA:259,0
DA:261,0
DA:262,0
DA:263,0
DA:264,0
DA:268,0
DA:272,0
DA:274,0
DA:277,0
DA:280,0
DA:284,0
DA:286,0
DA:287,0
DA:290,0
DA:291,0
DA:294,0
DA:295,0
DA:305,0
DA:308,0
DA:309,0
DA:310,0
DA:312,0
DA:313,0
DA:314,0
DA:316,0
DA:317,0
DA:318,0
DA:319,0
DA:321,0
DA:322,0
DA:323,0
DA:325,0
DA:327,0
DA:328,0
DA:329,0
LF:120
LH:0
BRDA:13,0,0,0
BRDA:13,0,1,0
BRDA:25,1,0,0
BRDA:25,1,1,0
BRDA:32,2,0,0
BRDA:37,3,0,0
BRDA:37,3,1,0
BRDA:53,4,0,0
BRDA:53,4,1,0
BRDA:68,5,0,0
BRDA:68,5,1,0
BRDA:80,6,0,0
BRDA:80,6,1,0
BRDA:92,7,0,0
BRDA:92,7,1,0
BRDA:156,8,0,0
BRDA:156,8,1,0
BRDA:158,9,0,0
BRDA:158,9,1,0
BRDA:216,10,0,0
BRDA:216,10,1,0
BRDA:218,11,0,0
BRDA:218,11,1,0
BRDA:223,12,0,0
BRDA:223,12,1,0
BRDA:226,13,0,0
BRDA:226,13,1,0
BRDA:244,14,0,0
BRDA:244,14,1,0
BRDA:263,15,0,0
BRDA:263,15,1,0
BRF:31
BRH:0
end_of_record
TN:
SF:src\store\slices\patientsSlice.js
FN:7,(anonymous_0)
FN:20,(anonymous_1)
FN:33,(anonymous_2)
FN:46,(anonymous_3)
FN:59,(anonymous_4)
FN:72,(anonymous_5)
FN:85,(anonymous_6)
FN:98,(anonymous_7)
FN:111,(anonymous_8)
FN:136,(anonymous_9)
FN:139,(anonymous_10)
FN:142,(anonymous_11)
FN:152,(anonymous_12)
FN:160,(anonymous_13)
FN:172,(anonymous_14)
FN:179,(anonymous_15)
FN:182,(anonymous_16)
FN:186,(anonymous_17)
FN:191,(anonymous_18)
FN:196,(anonymous_19)
FN:199,(anonymous_20)
FN:204,(anonymous_21)
FN:209,(anonymous_22)
FN:216,(anonymous_23)
FN:220,(anonymous_24)
FN:224,(anonymous_25)
FN:230,(anonymous_26)
FN:235,(anonymous_27)
FN:239,(anonymous_28)
FN:243,(anonymous_29)
FN:248,(anonymous_30)
FN:255,(anonymous_31)
FN:260,(anonymous_32)
FN:264,(anonymous_33)
FN:268,(anonymous_34)
FN:269,(anonymous_35)
FN:277,(anonymous_36)
FN:282,(anonymous_37)
FN:286,(anonymous_38)
FN:290,(anonymous_39)
FN:295,(anonymous_40)
FN:299,(anonymous_41)
FN:304,(anonymous_42)
FN:310,(anonymous_43)
FNF:44
FNH:0
FNDA:0,(anonymous_0)
FNDA:0,(anonymous_1)
FNDA:0,(anonymous_2)
FNDA:0,(anonymous_3)
FNDA:0,(anonymous_4)
FNDA:0,(anonymous_5)
FNDA:0,(anonymous_6)
FNDA:0,(anonymous_7)
FNDA:0,(anonymous_8)
FNDA:0,(anonymous_9)
FNDA:0,(anonymous_10)
FNDA:0,(anonymous_11)
FNDA:0,(anonymous_12)
FNDA:0,(anonymous_13)
FNDA:0,(anonymous_14)
FNDA:0,(anonymous_15)
FNDA:0,(anonymous_16)
FNDA:0,(anonymous_17)
FNDA:0,(anonymous_18)
FNDA:0,(anonymous_19)
FNDA:0,(anonymous_20)
FNDA:0,(anonymous_21)
FNDA:0,(anonymous_22)
FNDA:0,(anonymous_23)
FNDA:0,(anonymous_24)
FNDA:0,(anonymous_25)
FNDA:0,(anonymous_26)
FNDA:0,(anonymous_27)
FNDA:0,(anonymous_28)
FNDA:0,(anonymous_29)
FNDA:0,(anonymous_30)
FNDA:0,(anonymous_31)
FNDA:0,(anonymous_32)
FNDA:0,(anonymous_33)
FNDA:0,(anonymous_34)
FNDA:0,(anonymous_35)
FNDA:0,(anonymous_36)
FNDA:0,(anonymous_37)
FNDA:0,(anonymous_38)
FNDA:0,(anonymous_39)
FNDA:0,(anonymous_40)
FNDA:0,(anonymous_41)
FNDA:0,(anonymous_42)
FNDA:0,(anonymous_43)
DA:5,0
DA:8,0
DA:9,0
DA:10,0
DA:12,0
DA:18,0
DA:21,0
DA:22,0
DA:23,0
DA:25,0
DA:31,0
DA:34,0
DA:35,0
DA:36,0
DA:38,0
DA:44,0
DA:47,0
DA:48,0
DA:49,0
DA:51,0
DA:57,0
DA:60,0
DA:61,0
DA:62,0
DA:64,0
DA:70,0
DA:73,0
DA:74,0
DA:75,0
DA:77,0
DA:83,0
DA:86,0
DA:87,0
DA:88,0
DA:90,0
DA:96,0
DA:99,0
DA:100,0
DA:101,0
DA:103,0
DA:109,0
DA:112,0
DA:113,0
DA:114,0
DA:116,0
DA:121,0
DA:132,0
DA:137,0
DA:140,0
DA:143,0
DA:145,0
DA:148,0
DA:149,0
DA:151,0
DA:152,0
DA:153,0
DA:161,0
DA:162,0
DA:163,0
DA:166,0
DA:173,0
DA:174,0
DA:175,0
DA:176,0
DA:180,0
DA:183,0
DA:184,0
DA:187,0
DA:188,0
DA:189,0
DA:192,0
DA:193,0
DA:197,0
DA:200,0
DA:201,0
DA:202,0
DA:205,0
DA:206,0
DA:210,0
DA:211,0
DA:212,0
DA:221,0
DA:222,0
DA:225,0
DA:227,0
DA:228,0
DA:231,0
DA:232,0
DA:236,0
DA:237,0
DA:240,0
DA:241,0
DA:243,0
DA:244,0
DA:245,0
DA:248,0
DA:249,0
DA:250,0
DA:253,0
DA:256,0
DA:257,0
DA:261,0
DA:262,0
DA:265,0
DA:266,0
DA:268,0
DA:269,0
DA:271,0
DA:273,0
DA:274,0
DA:278,0
DA:279,0
DA:283,0
DA:284,0
DA:287,0
DA:288,0
DA:291,0
DA:292,0
DA:296,0
DA:297,0
DA:300,0
DA:302,0
DA:303,0
DA:304,0
DA:307,0
DA:308,0
DA:311,0
DA:312,0
DA:323,0
LF:129
LH:0
BRDA:12,0,0,0
BRDA:12,0,1,0
BRDA:25,1,0,0
BRDA:25,1,1,0
BRDA:38,2,0,0
BRDA:38,2,1,0
BRDA:51,3,0,0
BRDA:51,3,1,0
BRDA:64,4,0,0
BRDA:64,4,1,0
BRDA:77,5,0,0
BRDA:77,5,1,0
BRDA:90,6,0,0
BRDA:90,6,1,0
BRDA:103,7,0,0
BRDA:103,7,1,0
BRDA:116,8,0,0
BRDA:116,8,1,0
BRDA:145,9,0,0
BRDA:145,9,1,0
BRDA:148,10,0,0
BRDA:148,10,1,0
BRDA:153,11,0,0
BRDA:153,11,1,0
BRDA:153,11,2,0
BRDA:153,11,3,0
BRDA:162,12,0,0
BRDA:162,12,1,0
BRDA:163,13,0,0
BRDA:163,13,1,0
BRDA:211,14,0,0
BRDA:211,14,1,0
BRDA:244,15,0,0
BRDA:244,15,1,0
BRDA:249,16,0,0
BRDA:249,16,1,0
BRDA:273,17,0,0
BRDA:273,17,1,0
BRDA:273,18,0,0
BRDA:273,18,1,0
BRF:40
BRH:0
end_of_record
TN:
SF:src\store\slices\userSlice.js
FN:7,(anonymous_0)
FN:20,(anonymous_1)
FN:33,(anonymous_2)
FN:46,(anonymous_3)
FN:77,(anonymous_4)
FN:80,(anonymous_5)
FN:93,(anonymous_6)
FN:95,(anonymous_7)
FN:101,(anonymous_8)
FN:108,(anonymous_9)
FN:119,(anonymous_10)
FN:127,(anonymous_11)
FN:130,(anonymous_12)
FN:134,(anonymous_13)
FN:139,(anonymous_14)
FN:144,(anonymous_15)
FN:151,(anonymous_16)
FN:155,(anonymous_17)
FN:160,(anonymous_18)
FN:165,(anonymous_19)
FN:172,(anonymous_20)
FN:183,(anonymous_21)
FN:184,(anonymous_22)
FN:188,(anonymous_23)
FN:207,(anonymous_24)
FNF:25
FNH:0
FNDA:0,(anonymous_0)
FNDA:0,(anonymous_1)
FNDA:0,(anonymous_2)
FNDA:0,(anonymous_3)
FNDA:0,(anonymous_4)
FNDA:0,(anonymous_5)
FNDA:0,(anonymous_6)
FNDA:0,(anonymous_7)
FNDA:0,(anonymous_8)
FNDA:0,(anonymous_9)
FNDA:0,(anonymous_10)
FNDA:0,(anonymous_11)
FNDA:0,(anonymous_12)
FNDA:0,(anonymous_13)
FNDA:0,(anonymous_14)
FNDA:0,(anonymous_15)
FNDA:0,(anonymous_16)
FNDA:0,(anonymous_17)
FNDA:0,(anonymous_18)
FNDA:0,(anonymous_19)
FNDA:0,(anonymous_20)
FNDA:0,(anonymous_21)
FNDA:0,(anonymous_22)
FNDA:0,(anonymous_23)
FNDA:0,(anonymous_24)
DA:5,0
DA:8,0
DA:9,0
DA:10,0
DA:12,0
DA:18,0
DA:21,0
DA:22,0
DA:23,0
DA:25,0
DA:31,0
DA:34,0
DA:35,0
DA:36,0
DA:38,0
DA:44,0
DA:47,0
DA:48,0
DA:49,0
DA:51,0
DA:56,0
DA:73,0
DA:78,0
DA:81,0
DA:82,0
DA:83,0
DA:91,0
DA:94,0
DA:95,0
DA:96,0
DA:97,0
DA:98,0
DA:103,0
DA:104,0
DA:105,0
DA:108,0
DA:109,0
DA:110,0
DA:111,0
DA:115,0
DA:116,0
DA:117,0
DA:119,0
DA:120,0
DA:121,0
DA:122,0
DA:128,0
DA:131,0
DA:132,0
DA:135,0
DA:136,0
DA:137,0
DA:140,0
DA:141,0
DA:145,0
DA:152,0
DA:153,0
DA:156,0
DA:157,0
DA:158,0
DA:161,0
DA:162,0
DA:167,0
DA:170,0
DA:171,0
DA:172,0
DA:173,0
DA:174,0
DA:179,0
DA:180,0
DA:183,0
DA:184,0
DA:185,0
DA:188,0
DA:189,0
DA:190,0
DA:191,0
DA:197,0
DA:206,0
DA:207,0
DA:208,0
DA:209,0
DA:214,0
DA:219,0
LF:84
LH:0
BRDA:12,0,0,0
BRDA:12,0,1,0
BRDA:25,1,0,0
BRDA:25,1,1,0
BRDA:38,2,0,0
BRDA:38,2,1,0
BRDA:46,3,0,0
BRDA:51,4,0,0
BRDA:51,4,1,0
BRDA:96,5,0,0
BRDA:96,5,1,0
BRDA:116,6,0,0
BRDA:116,6,1,0
BRDA:116,7,0,0
BRDA:116,7,1,0
BRDA:137,8,0,0
BRDA:137,8,1,0
BRDA:170,9,0,0
BRDA:170,9,1,0
BRDA:173,10,0,0
BRDA:173,10,1,0
BRDA:179,11,0,0
BRDA:179,11,1,0
BRDA:179,12,0,0
BRDA:179,12,1,0
BRDA:206,13,0,0
BRDA:206,13,1,0
BRDA:208,14,0,0
BRDA:208,14,1,0
BRF:29
BRH:0
end_of_record
TN:
SF:src\utils\countryCodes.js
FN:153,(anonymous_0)
FN:154,(anonymous_1)
FN:158,(anonymous_2)
FN:172,(anonymous_3)
FN:180,(anonymous_4)
FNF:5
FNH:0
FNDA:0,(anonymous_0)
FNDA:0,(anonymous_1)
FNDA:0,(anonymous_2)
FNDA:0,(anonymous_3)
FNDA:0,(anonymous_4)
DA:2,0
DA:150,0
DA:153,0
DA:154,0
DA:158,0
DA:159,0
DA:160,0
DA:163,0
DA:164,0
DA:168,0
DA:172,0
DA:173,0
DA:174,0
DA:176,0
DA:180,0
DA:181,0
DA:182,0
DA:184,0
DA:185,0
DA:188,0
DA:189,0
DA:192,0
DA:193,0
DA:196,0
LF:24
LH:0
BRDA:154,0,0,0
BRDA:154,0,1,0
BRDA:160,1,0,0
BRDA:160,1,1,0
BRDA:163,2,0,0
BRDA:163,2,1,0
BRDA:174,3,0,0
BRDA:174,3,1,0
BRDA:174,4,0,0
BRDA:174,4,1,0
BRDA:182,5,0,0
BRDA:182,5,1,0
BRDA:184,6,0,0
BRDA:184,6,1,0
BRDA:184,7,0,0
BRDA:184,7,1,0
BRDA:188,8,0,0
BRDA:188,8,1,0
BRDA:192,9,0,0
BRDA:192,9,1,0
BRF:20
BRH:0
end_of_record
TN:
SF:src\utils\dataModels.js
FN:179,(anonymous_0)
FN:201,(anonymous_1)
FN:221,(anonymous_2)
FN:226,(anonymous_3)
FN:242,(anonymous_4)
FN:267,(anonymous_5)
FN:282,(anonymous_6)
FN:283,(anonymous_7)
FN:288,(anonymous_8)
FN:289,(anonymous_9)
FN:294,(anonymous_10)
FN:295,(anonymous_11)
FN:300,(anonymous_12)
FN:318,(anonymous_13)
FN:346,(anonymous_14)
FN:423,(anonymous_15)
FN:433,(anonymous_16)
FNF:17
FNH:0
FNDA:0,(anonymous_0)
FNDA:0,(anonymous_1)
FNDA:0,(anonymous_2)
FNDA:0,(anonymous_3)
FNDA:0,(anonymous_4)
FNDA:0,(anonymous_5)
FNDA:0,(anonymous_6)
FNDA:0,(anonymous_7)
FNDA:0,(anonymous_8)
FNDA:0,(anonymous_9)
FNDA:0,(anonymous_10)
FNDA:0,(anonymous_11)
FNDA:0,(anonymous_12)
FNDA:0,(anonymous_13)
FNDA:0,(anonymous_14)
FNDA:0,(anonymous_15)
FNDA:0,(anonymous_16)
DA:2,0
DA:8,0
DA:17,0
DA:23,0
DA:29,0
DA:95,0
DA:152,0
DA:164,0
DA:180,0
DA:181,0
DA:182,0
DA:183,0
DA:184,0
DA:185,0
DA:186,0
DA:187,0
DA:188,0
DA:189,0
DA:190,0
DA:191,0
DA:192,0
DA:193,0
DA:194,0
DA:195,0
DA:196,0
DA:197,0
DA:202,0
DA:204,0
DA:206,0
DA:208,0
DA:210,0
DA:212,0
DA:214,0
DA:216,0
DA:222,0
DA:223,0
DA:225,0
DA:226,0
DA:227,0
DA:228,0
DA:229,0
DA:230,0
DA:231,0
DA:232,0
DA:238,0
DA:243,0
DA:268,0
DA:269,0
DA:270,0
DA:271,0
DA:272,0
DA:273,0
DA:274,0
DA:275,0
DA:276,0
DA:277,0
DA:278,0
DA:283,0
DA:284,0
DA:289,0
DA:290,0
DA:295,0
DA:296,0
DA:301,0
DA:318,0
DA:319,0
DA:322,0
DA:323,0
DA:327,0
DA:329,0
DA:331,0
DA:333,0
DA:335,0
DA:337,0
DA:339,0
DA:341,0
DA:346,0
DA:347,0
DA:349,0
DA:350,0
DA:352,0
DA:353,0
DA:356,0
DA:357,0
DA:359,0
DA:361,0
DA:363,0
DA:371,0
DA:372,0
DA:376,0
DA:377,0
DA:378,0
DA:381,0
DA:383,0
DA:386,0
DA:387,0
DA:389,0
DA:390,0
DA:392,0
DA:395,0
DA:396,0
DA:398,0
DA:399,0
DA:401,0
DA:404,0
DA:405,0
DA:408,0
DA:409,0
DA:410,0
DA:412,0
DA:413,0
DA:415,0
DA:416,0
DA:418,0
DA:423,0
DA:424,0
DA:425,0
DA:426,0
DA:427,0
DA:428,0
DA:433,0
DA:434,0
DA:435,0
DA:436,0
DA:437,0
DA:438,0
LF:126
LH:0
BRDA:179,0,0,0
BRDA:180,1,0,0
BRDA:180,1,1,0
BRDA:181,2,0,0
BRDA:181,2,1,0
BRDA:182,3,0,0
BRDA:182,3,1,0
BRDA:183,4,0,0
BRDA:183,4,1,0
BRDA:184,5,0,0
BRDA:184,5,1,0
BRDA:185,6,0,0
BRDA:185,6,1,0
BRDA:186,7,0,0
BRDA:186,7,1,0
BRDA:187,8,0,0
BRDA:187,8,1,0
BRDA:188,9,0,0
BRDA:188,9,1,0
BRDA:189,10,0,0
BRDA:189,10,1,0
BRDA:190,11,0,0
BRDA:190,11,1,0
BRDA:191,12,0,0
BRDA:191,12,1,0
BRDA:192,13,0,0
BRDA:192,13,1,0
BRDA:193,14,0,0
BRDA:193,14,1,0
BRDA:194,15,0,0
BRDA:194,15,1,0
BRDA:195,16,0,0
BRDA:195,16,1,0
BRDA:196,17,0,0
BRDA:196,17,1,0
BRDA:197,18,0,0
BRDA:197,18,1,0
BRDA:202,19,0,0
BRDA:202,19,1,0
BRDA:202,19,2,0
BRDA:202,19,3,0
BRDA:202,19,4,0
BRDA:202,19,5,0
BRDA:202,19,6,0
BRDA:204,20,0,0
BRDA:204,20,1,0
BRDA:204,21,0,0
BRDA:204,21,1,0
BRDA:223,22,0,0
BRDA:223,22,1,0
BRDA:228,23,0,0
BRDA:228,23,1,0
BRDA:228,24,0,0
BRDA:228,24,1,0
BRDA:230,25,0,0
BRDA:230,25,1,0
BRDA:231,26,0,0
BRDA:231,26,1,0
BRDA:231,27,0,0
BRDA:231,27,1,0
BRDA:267,28,0,0
BRDA:268,29,0,0
BRDA:268,29,1,0
BRDA:269,30,0,0
BRDA:269,30,1,0
BRDA:270,31,0,0
BRDA:270,31,1,0
BRDA:271,32,0,0
BRDA:271,32,1,0
BRDA:272,33,0,0
BRDA:272,33,1,0
BRDA:273,34,0,0
BRDA:273,34,1,0
BRDA:274,35,0,0
BRDA:274,35,1,0
BRDA:275,36,0,0
BRDA:275,36,1,0
BRDA:276,37,0,0
BRDA:276,37,1,0
BRDA:277,38,0,0
BRDA:277,38,1,0
BRDA:278,39,0,0
BRDA:278,39,1,0
BRDA:284,40,0,0
BRDA:284,40,1,0
BRDA:290,41,0,0
BRDA:290,41,1,0
BRDA:296,42,0,0
BRDA:296,42,1,0
BRDA:319,43,0,0
BRDA:319,43,1,0
BRDA:319,44,0,0
BRDA:319,44,1,0
BRDA:322,45,0,0
BRDA:322,45,1,0
BRDA:327,46,0,0
BRDA:327,46,1,0
BRDA:327,46,2,0
BRDA:327,46,3,0
BRDA:327,46,4,0
BRDA:327,46,5,0
BRDA:327,46,6,0
BRDA:329,47,0,0
BRDA:329,47,1,0
BRDA:329,48,0,0
BRDA:329,48,1,0
BRDA:331,49,0,0
BRDA:331,49,1,0
BRDA:346,50,0,0
BRDA:347,51,0,0
BRDA:347,51,1,0
BRDA:347,52,0,0
BRDA:347,52,1,0
BRDA:350,53,0,0
BRDA:350,53,1,0
BRDA:353,54,0,0
BRDA:353,54,1,0
BRDA:357,55,0,0
BRDA:357,55,1,0
BRDA:359,56,0,0
BRDA:359,56,1,0
BRDA:359,57,0,0
BRDA:359,57,1,0
BRDA:359,57,2,0
BRDA:359,57,3,0
BRDA:359,57,4,0
BRDA:359,57,5,0
BRDA:371,58,0,0
BRDA:371,58,1,0
BRDA:371,59,0,0
BRDA:371,59,1,0
BRDA:371,59,2,0
BRDA:371,59,3,0
BRDA:376,60,0,0
BRDA:376,60,1,0
BRDA:381,61,0,0
BRDA:381,61,1,0
BRDA:381,62,0,0
BRDA:381,62,1,0
BRDA:381,62,2,0
BRDA:381,62,3,0
BRDA:386,63,0,0
BRDA:386,63,1,0
BRDA:386,64,0,0
BRDA:386,64,1,0
BRDA:389,65,0,0
BRDA:389,65,1,0
BRDA:389,66,0,0
BRDA:389,66,1,0
BRDA:396,67,0,0
BRDA:396,67,1,0
BRDA:401,68,0,0
BRDA:401,68,1,0
BRDA:404,69,0,0
BRDA:404,69,1,0
BRDA:404,70,0,0
BRDA:404,70,1,0
BRDA:404,70,2,0
BRDA:412,71,0,0
BRDA:412,71,1,0
BRDA:412,72,0,0
BRDA:412,72,1,0
BRDA:412,72,2,0
BRDA:415,73,0,0
BRDA:415,73,1,0
BRDA:415,74,0,0
BRDA:415,74,1,0
BRDA:424,75,0,0
BRDA:424,75,1,0
BRDA:424,75,2,0
BRDA:424,75,3,0
BRDA:434,76,0,0
BRDA:434,76,1,0
BRDA:434,76,2,0
BRDA:434,76,3,0
BRF:175
BRH:0
end_of_record
TN:
SF:src\utils\helpers.js
FN:2,(anonymous_0)
FN:29,(anonymous_1)
FN:47,(anonymous_2)
FN:53,(anonymous_3)
FN:59,(anonymous_4)
FN:65,(anonymous_5)
FN:74,(anonymous_6)
FN:87,(anonymous_7)
FN:97,(anonymous_8)
FN:107,(anonymous_9)
FN:120,(anonymous_10)
FN:126,(anonymous_11)
FN:132,(anonymous_12)
FN:138,(anonymous_13)
FN:145,(anonymous_14)
FN:194,(anonymous_15)
FN:209,(anonymous_16)
FN:218,(anonymous_17)
FN:228,(anonymous_18)
FN:238,(anonymous_19)
FN:240,executedFunction
FN:241,(anonymous_21)
FN:251,(anonymous_22)
FN:253,(anonymous_23)
FN:259,(anonymous_24)
FNF:25
FNH:0
FNDA:0,(anonymous_0)
FNDA:0,(anonymous_1)
FNDA:0,(anonymous_2)
FNDA:0,(anonymous_3)
FNDA:0,(anonymous_4)
FNDA:0,(anonymous_5)
FNDA:0,(anonymous_6)
FNDA:0,(anonymous_7)
FNDA:0,(anonymous_8)
FNDA:0,(anonymous_9)
FNDA:0,(anonymous_10)
FNDA:0,(anonymous_11)
FNDA:0,(anonymous_12)
FNDA:0,(anonymous_13)
FNDA:0,(anonymous_14)
FNDA:0,(anonymous_15)
FNDA:0,(anonymous_16)
FNDA:0,(anonymous_17)
FNDA:0,(anonymous_18)
FNDA:0,(anonymous_19)
FNDA:0,executedFunction
FNDA:0,(anonymous_21)
FNDA:0,(anonymous_22)
FNDA:0,(anonymous_23)
FNDA:0,(anonymous_24)
DA:2,0
DA:3,0
DA:5,0
DA:6,0
DA:7,0
DA:8,0
DA:9,0
DA:10,0
DA:12,0
DA:14,0
DA:16,0
DA:18,0
DA:20,0
DA:22,0
DA:24,0
DA:29,0
DA:30,0
DA:31,0
DA:32,0
DA:33,0
DA:34,0
DA:36,0
DA:37,0
DA:38,0
DA:39,0
DA:41,0
DA:45,0
DA:48,0
DA:49,0
DA:54,0
DA:55,0
DA:60,0
DA:61,0
DA:66,0
DA:67,0
DA:72,0
DA:75,0
DA:76,0
DA:78,0
DA:79,0
DA:80,0
DA:81,0
DA:83,0
DA:88,0
DA:90,0
DA:91,0
DA:93,0
DA:98,0
DA:100,0
DA:101,0
DA:103,0
DA:108,0
DA:110,0
DA:111,0
DA:113,0
DA:118,0
DA:121,0
DA:122,0
DA:127,0
DA:128,0
DA:133,0
DA:134,0
DA:139,0
DA:140,0
DA:145,0
DA:146,0
DA:149,0
DA:150,0
DA:151,0
DA:152,0
DA:153,0
DA:154,0
DA:159,0
DA:160,0
DA:161,0
DA:162,0
DA:163,0
DA:164,0
DA:165,0
DA:166,0
DA:171,0
DA:172,0
DA:173,0
DA:175,0
DA:176,0
DA:177,0
DA:178,0
DA:179,0
DA:180,0
DA:184,0
DA:185,0
DA:186,0
DA:187,0
DA:189,0
DA:194,0
DA:195,0
DA:197,0
DA:199,0
DA:201,0
DA:203,0
DA:208,0
DA:210,0
DA:211,0
DA:212,0
DA:214,0
DA:219,0
DA:220,0
DA:221,0
DA:223,0
DA:224,0
DA:229,0
DA:230,0
DA:232,0
DA:238,0
DA:240,0
DA:241,0
DA:242,0
DA:243,0
DA:245,0
DA:246,0
DA:251,0
DA:253,0
DA:254,0
DA:255,0
DA:256,0
DA:257,0
DA:258,0
DA:259,0
LF:128
LH:0
BRDA:2,0,0,0
BRDA:3,1,0,0
BRDA:3,1,1,0
BRDA:12,2,0,0
BRDA:12,2,1,0
BRDA:12,2,2,0
BRDA:12,2,3,0
BRDA:12,2,4,0
BRDA:12,2,5,0
BRDA:36,3,0,0
BRDA:36,3,1,0
BRDA:37,4,0,0
BRDA:37,4,1,0
BRDA:38,5,0,0
BRDA:38,5,1,0
BRDA:39,6,0,0
BRDA:39,6,1,0
BRDA:78,7,0,0
BRDA:78,7,1,0
BRDA:78,8,0,0
BRDA:78,8,1,0
BRDA:79,9,0,0
BRDA:79,9,1,0
BRDA:79,10,0,0
BRDA:79,10,1,0
BRDA:80,11,0,0
BRDA:80,11,1,0
BRDA:80,12,0,0
BRDA:80,12,1,0
BRDA:81,13,0,0
BRDA:81,13,1,0
BRDA:87,14,0,0
BRDA:90,15,0,0
BRDA:90,15,1,0
BRDA:91,16,0,0
BRDA:91,16,1,0
BRDA:91,17,0,0
BRDA:91,17,1,0
BRDA:100,18,0,0
BRDA:100,18,1,0
BRDA:101,19,0,0
BRDA:101,19,1,0
BRDA:101,20,0,0
BRDA:101,20,1,0
BRDA:110,21,0,0
BRDA:110,21,1,0
BRDA:111,22,0,0
BRDA:111,22,1,0
BRDA:111,23,0,0
BRDA:111,23,1,0
BRDA:121,24,0,0
BRDA:121,24,1,0
BRDA:121,25,0,0
BRDA:121,25,1,0
BRDA:126,26,0,0
BRDA:127,27,0,0
BRDA:127,27,1,0
BRDA:132,28,0,0
BRDA:133,29,0,0
BRDA:133,29,1,0
BRDA:138,30,0,0
BRDA:139,31,0,0
BRDA:139,31,1,0
BRDA:149,32,0,0
BRDA:149,32,1,0
BRDA:151,33,0,0
BRDA:151,33,1,0
BRDA:151,34,0,0
BRDA:151,34,1,0
BRDA:153,35,0,0
BRDA:153,35,1,0
BRDA:153,36,0,0
BRDA:153,36,1,0
BRDA:159,37,0,0
BRDA:159,37,1,0
BRDA:161,38,0,0
BRDA:161,38,1,0
BRDA:161,39,0,0
BRDA:161,39,1,0
BRDA:163,40,0,0
BRDA:163,40,1,0
BRDA:163,41,0,0
BRDA:163,41,1,0
BRDA:165,42,0,0
BRDA:165,42,1,0
BRDA:165,43,0,0
BRDA:165,43,1,0
BRDA:171,44,0,0
BRDA:171,44,1,0
BRDA:171,45,0,0
BRDA:171,45,1,0
BRDA:175,46,0,0
BRDA:175,46,1,0
BRDA:177,47,0,0
BRDA:177,47,1,0
BRDA:179,48,0,0
BRDA:179,48,1,0
BRDA:184,49,0,0
BRDA:184,49,1,0
BRDA:186,50,0,0
BRDA:186,50,1,0
BRDA:195,51,0,0
BRDA:195,51,1,0
BRDA:195,51,2,0
BRDA:195,51,3,0
BRDA:221,52,0,0
BRDA:221,52,1,0
BRDA:256,53,0,0
BRDA:256,53,1,0
BRF:109
BRH:0
end_of_record
TN:
SF:src\utils\riskUtils.js
FN:4,inferRiskLevel
FN:12,(anonymous_1)
FN:13,(anonymous_2)
FN:21,getRiskColor
FN:32,getRiskText
FN:52,resolvePatientRiskLevel
FNF:6
FNH:0
FNDA:0,inferRiskLevel
FNDA:0,(anonymous_1)
FNDA:0,(anonymous_2)
FNDA:0,getRiskColor
FNDA:0,getRiskText
FNDA:0,resolvePatientRiskLevel
DA:5,0
DA:6,0
DA:7,0
DA:9,0
DA:10,0
DA:12,0
DA:13,0
DA:15,0
DA:16,0
DA:17,0
DA:22,0
DA:23,0
DA:24,0
DA:25,0
DA:26,0
DA:27,0
DA:33,0
DA:34,0
DA:35,0
DA:36,0
DA:37,0
DA:38,0
DA:39,0
DA:42,0
DA:43,0
DA:44,0
DA:45,0
DA:46,0
DA:47,0
DA:53,0
DA:55,0
DA:56,0
DA:59,0
DA:60,0
LF:34
LH:0
BRDA:5,0,0,0
BRDA:5,0,1,0
BRDA:5,1,0,0
BRDA:5,1,1,0
BRDA:6,2,0,0
BRDA:6,2,1,0
BRDA:6,3,0,0
BRDA:6,3,1,0
BRDA:7,4,0,0
BRDA:7,4,1,0
BRDA:15,5,0,0
BRDA:15,5,1,0
BRDA:16,6,0,0
BRDA:16,6,1,0
BRDA:22,7,0,0
BRDA:22,7,1,0
BRDA:22,7,2,0
BRDA:22,7,3,0
BRDA:22,7,4,0
BRDA:33,8,0,0
BRDA:33,8,1,0
BRDA:34,9,0,0
BRDA:34,9,1,0
BRDA:34,9,2,0
BRDA:34,9,3,0
BRDA:34,9,4,0
BRDA:35,10,0,0
BRDA:35,10,1,0
BRDA:36,11,0,0
BRDA:36,11,1,0
BRDA:37,12,0,0
BRDA:37,12,1,0
BRDA:38,13,0,0
BRDA:38,13,1,0
BRDA:39,14,0,0
BRDA:39,14,1,0
BRDA:42,15,0,0
BRDA:42,15,1,0
BRDA:42,15,2,0
BRDA:42,15,3,0
BRDA:42,15,4,0
BRDA:53,16,0,0
BRDA:53,16,1,0
BRDA:55,17,0,0
BRDA:55,17,1,0
BRDA:55,18,0,0
BRDA:55,18,1,0
BRDA:59,19,0,0
BRDA:59,19,1,0
BRF:49
BRH:0
end_of_record
TN:
SF:src\utils\serializationHelpers.js
FN:9,(anonymous_0)
FN:38,(anonymous_1)
FN:77,(anonymous_2)
FN:98,(anonymous_3)
FNF:4
FNH:0
FNDA:0,(anonymous_0)
FNDA:0,(anonymous_1)
FNDA:0,(anonymous_2)
FNDA:0,(anonymous_3)
DA:9,0
DA:10,0
DA:12,0
DA:13,0
DA:15,0
DA:17,0
DA:18,0
DA:22,0
DA:23,0
DA:27,0
DA:30,0
DA:38,0
DA:39,0
DA:41,0
DA:42,0
DA:44,0
DA:45,0
DA:48,0
DA:49,0
DA:52,0
DA:54,0
DA:55,0
DA:59,0
DA:60,0
DA:61,0
DA:62,0
DA:65,0
DA:69,0
DA:77,0
DA:78,0
DA:84,0
DA:85,0
DA:86,0
DA:90,0
DA:98,0
DA:99,0
DA:101,0
DA:102,0
LF:38
LH:0
BRDA:10,0,0,0
BRDA:10,0,1,0
BRDA:10,1,0,0
BRDA:10,1,1,0
BRDA:13,2,0,0
BRDA:13,2,1,0
BRDA:13,3,0,0
BRDA:13,3,1,0
BRDA:13,3,2,0
BRDA:15,4,0,0
BRDA:15,4,1,0
BRDA:17,5,0,0
BRDA:17,5,1,0
BRDA:22,6,0,0
BRDA:22,6,1,0
BRDA:39,7,0,0
BRDA:39,7,1,0
BRDA:39,8,0,0
BRDA:39,8,1,0
BRDA:42,9,0,0
BRDA:42,9,1,0
BRDA:42,10,0,0
BRDA:42,10,1,0
BRDA:42,10,2,0
BRDA:44,11,0,0
BRDA:44,11,1,0
BRDA:48,12,0,0
BRDA:48,12,1,0
BRDA:52,13,0,0
BRDA:52,13,1,0
BRDA:54,14,0,0
BRDA:54,14,1,0
BRDA:61,15,0,0
BRDA:61,15,1,0
BRDA:84,16,0,0
BRDA:84,16,1,0
BRDA:85,17,0,0
BRDA:85,17,1,0
BRDA:98,18,0,0
BRDA:99,19,0,0
BRDA:99,19,1,0
BRDA:101,20,0,0
BRDA:101,20,1,0
BRF:43
BRH:0
end_of_record
